{"/home/wandeon/voice-chat-app/frontend/src/App.js": {"path":"/home/wandeon/voice-chat-app/frontend/src/App.js","statementMap":{"0":{"start":{"line":10,"column":17},"end":{"line":10,"column":52}},"1":{"start":{"line":13,"column":34},"end":{"line":13,"column":46}},"2":{"start":{"line":14,"column":40},"end":{"line":14,"column":55}},"3":{"start":{"line":15,"column":42},"end":{"line":15,"column":57}},"4":{"start":{"line":16,"column":44},"end":{"line":16,"column":58}},"5":{"start":{"line":17,"column":50},"end":{"line":17,"column":66}},"6":{"start":{"line":18,"column":52},"end":{"line":18,"column":68}},"7":{"start":{"line":19,"column":40},"end":{"line":19,"column":51}},"8":{"start":{"line":20,"column":34},"end":{"line":20,"column":64}},"9":{"start":{"line":21,"column":42},"end":{"line":21,"column":57}},"10":{"start":{"line":22,"column":54},"end":{"line":22,"column":69}},"11":{"start":{"line":24,"column":25},"end":{"line":24,"column":37}},"12":{"start":{"line":25,"column":31},"end":{"line":25,"column":43}},"13":{"start":{"line":26,"column":26},"end":{"line":26,"column":44}},"14":{"start":{"line":29,"column":2},"end":{"line":31,"column":17}},"15":{"start":{"line":30,"column":4},"end":{"line":30,"column":67}},"16":{"start":{"line":34,"column":2},"end":{"line":38,"column":9}},"17":{"start":{"line":35,"column":4},"end":{"line":35,"column":20}},"18":{"start":{"line":36,"column":21},"end":{"line":36,"column":54}},"19":{"start":{"line":37,"column":4},"end":{"line":37,"column":41}},"20":{"start":{"line":37,"column":17},"end":{"line":37,"column":40}},"21":{"start":{"line":41,"column":2},"end":{"line":48,"column":44}},"22":{"start":{"line":42,"column":4},"end":{"line":46,"column":5}},"23":{"start":{"line":43,"column":6},"end":{"line":43,"column":29}},"24":{"start":{"line":45,"column":6},"end":{"line":45,"column":29}},"25":{"start":{"line":47,"column":4},"end":{"line":47,"column":40}},"26":{"start":{"line":47,"column":17},"end":{"line":47,"column":39}},"27":{"start":{"line":50,"column":31},"end":{"line":58,"column":3}},"28":{"start":{"line":51,"column":4},"end":{"line":51,"column":27}},"29":{"start":{"line":52,"column":4},"end":{"line":57,"column":42}},"30":{"start":{"line":53,"column":6},"end":{"line":56,"column":7}},"31":{"start":{"line":54,"column":8},"end":{"line":54,"column":65}},"32":{"start":{"line":55,"column":8},"end":{"line":55,"column":28}},"33":{"start":{"line":60,"column":31},"end":{"line":65,"column":3}},"34":{"start":{"line":61,"column":4},"end":{"line":64,"column":5}},"35":{"start":{"line":62,"column":6},"end":{"line":62,"column":49}},"36":{"start":{"line":63,"column":6},"end":{"line":63,"column":42}},"37":{"start":{"line":67,"column":31},"end":{"line":72,"column":3}},"38":{"start":{"line":68,"column":4},"end":{"line":68,"column":41}},"39":{"start":{"line":69,"column":4},"end":{"line":71,"column":5}},"40":{"start":{"line":70,"column":6},"end":{"line":70,"column":29}},"41":{"start":{"line":74,"column":24},"end":{"line":82,"column":3}},"42":{"start":{"line":75,"column":4},"end":{"line":81,"column":5}},"43":{"start":{"line":76,"column":23},"end":{"line":76,"column":64}},"44":{"start":{"line":77,"column":6},"end":{"line":77,"column":38}},"45":{"start":{"line":79,"column":6},"end":{"line":79,"column":56}},"46":{"start":{"line":80,"column":6},"end":{"line":80,"column":29}},"47":{"start":{"line":84,"column":21},"end":{"line":86,"column":3}},"48":{"start":{"line":85,"column":4},"end":{"line":85,"column":77}},"49":{"start":{"line":85,"column":24},"end":{"line":85,"column":75}},"50":{"start":{"line":88,"column":28},"end":{"line":94,"column":3}},"51":{"start":{"line":89,"column":4},"end":{"line":89,"column":46}},"52":{"start":{"line":90,"column":4},"end":{"line":90,"column":34}},"53":{"start":{"line":91,"column":4},"end":{"line":91,"column":38}},"54":{"start":{"line":92,"column":4},"end":{"line":92,"column":32}},"55":{"start":{"line":93,"column":4},"end":{"line":93,"column":27}},"56":{"start":{"line":96,"column":28},"end":{"line":103,"column":3}},"57":{"start":{"line":97,"column":4},"end":{"line":97,"column":45}},"58":{"start":{"line":98,"column":4},"end":{"line":98,"column":34}},"59":{"start":{"line":99,"column":4},"end":{"line":99,"column":35}},"60":{"start":{"line":100,"column":4},"end":{"line":100,"column":33}},"61":{"start":{"line":101,"column":4},"end":{"line":101,"column":26}},"62":{"start":{"line":102,"column":4},"end":{"line":102,"column":27}},"63":{"start":{"line":105,"column":29},"end":{"line":111,"column":3}},"64":{"start":{"line":106,"column":4},"end":{"line":106,"column":46}},"65":{"start":{"line":107,"column":4},"end":{"line":107,"column":34}},"66":{"start":{"line":108,"column":4},"end":{"line":108,"column":38}},"67":{"start":{"line":109,"column":4},"end":{"line":109,"column":32}},"68":{"start":{"line":110,"column":4},"end":{"line":110,"column":27}},"69":{"start":{"line":113,"column":27},"end":{"line":120,"column":3}},"70":{"start":{"line":114,"column":4},"end":{"line":114,"column":46}},"71":{"start":{"line":115,"column":4},"end":{"line":115,"column":32}},"72":{"start":{"line":116,"column":4},"end":{"line":116,"column":33}},"73":{"start":{"line":117,"column":4},"end":{"line":117,"column":33}},"74":{"start":{"line":118,"column":4},"end":{"line":118,"column":26}},"75":{"start":{"line":119,"column":4},"end":{"line":119,"column":27}},"76":{"start":{"line":122,"column":30},"end":{"line":229,"column":3}},"77":{"start":{"line":123,"column":4},"end":{"line":123,"column":27}},"78":{"start":{"line":124,"column":4},"end":{"line":124,"column":26}},"79":{"start":{"line":125,"column":4},"end":{"line":125,"column":41}},"80":{"start":{"line":126,"column":4},"end":{"line":126,"column":33}},"81":{"start":{"line":128,"column":4},"end":{"line":228,"column":5}},"82":{"start":{"line":130,"column":23},"end":{"line":130,"column":37}},"83":{"start":{"line":131,"column":6},"end":{"line":131,"column":59}},"84":{"start":{"line":132,"column":6},"end":{"line":132,"column":40}},"85":{"start":{"line":134,"column":33},"end":{"line":136,"column":8}},"86":{"start":{"line":138,"column":23},"end":{"line":138,"column":51}},"87":{"start":{"line":139,"column":6},"end":{"line":139,"column":35}},"88":{"start":{"line":142,"column":24},"end":{"line":142,"column":46}},"89":{"start":{"line":143,"column":6},"end":{"line":151,"column":7}},"90":{"start":{"line":144,"column":25},"end":{"line":144,"column":63}},"91":{"start":{"line":145,"column":8},"end":{"line":145,"column":42}},"92":{"start":{"line":146,"column":8},"end":{"line":146,"column":41}},"93":{"start":{"line":147,"column":8},"end":{"line":147,"column":34}},"94":{"start":{"line":148,"column":8},"end":{"line":148,"column":27}},"95":{"start":{"line":149,"column":8},"end":{"line":149,"column":31}},"96":{"start":{"line":150,"column":8},"end":{"line":150,"column":15}},"97":{"start":{"line":154,"column":6},"end":{"line":162,"column":7}},"98":{"start":{"line":155,"column":25},"end":{"line":155,"column":73}},"99":{"start":{"line":156,"column":8},"end":{"line":156,"column":42}},"100":{"start":{"line":157,"column":8},"end":{"line":157,"column":41}},"101":{"start":{"line":158,"column":8},"end":{"line":158,"column":34}},"102":{"start":{"line":159,"column":8},"end":{"line":159,"column":28}},"103":{"start":{"line":160,"column":8},"end":{"line":160,"column":31}},"104":{"start":{"line":161,"column":8},"end":{"line":161,"column":15}},"105":{"start":{"line":165,"column":6},"end":{"line":180,"column":7}},"106":{"start":{"line":166,"column":8},"end":{"line":166,"column":24}},"107":{"start":{"line":167,"column":25},"end":{"line":167,"column":75}},"108":{"start":{"line":168,"column":8},"end":{"line":168,"column":42}},"109":{"start":{"line":169,"column":8},"end":{"line":169,"column":41}},"110":{"start":{"line":170,"column":8},"end":{"line":170,"column":34}},"111":{"start":{"line":173,"column":8},"end":{"line":176,"column":9}},"112":{"start":{"line":174,"column":10},"end":{"line":174,"column":44}},"113":{"start":{"line":175,"column":10},"end":{"line":175,"column":38}},"114":{"start":{"line":178,"column":8},"end":{"line":178,"column":31}},"115":{"start":{"line":179,"column":8},"end":{"line":179,"column":15}},"116":{"start":{"line":183,"column":6},"end":{"line":183,"column":39}},"117":{"start":{"line":185,"column":26},"end":{"line":192,"column":7}},"118":{"start":{"line":190,"column":30},"end":{"line":190,"column":66}},"119":{"start":{"line":194,"column":27},"end":{"line":197,"column":8}},"120":{"start":{"line":199,"column":28},"end":{"line":199,"column":61}},"121":{"start":{"line":200,"column":6},"end":{"line":200,"column":45}},"122":{"start":{"line":203,"column":6},"end":{"line":203,"column":39}},"123":{"start":{"line":204,"column":6},"end":{"line":204,"column":37}},"124":{"start":{"line":207,"column":6},"end":{"line":212,"column":7}},"125":{"start":{"line":208,"column":8},"end":{"line":208,"column":42}},"126":{"start":{"line":209,"column":8},"end":{"line":209,"column":36}},"127":{"start":{"line":211,"column":8},"end":{"line":211,"column":37}},"128":{"start":{"line":214,"column":6},"end":{"line":214,"column":29}},"129":{"start":{"line":216,"column":6},"end":{"line":216,"column":54}},"130":{"start":{"line":217,"column":6},"end":{"line":217,"column":85}},"131":{"start":{"line":220,"column":6},"end":{"line":225,"column":7}},"132":{"start":{"line":221,"column":8},"end":{"line":221,"column":42}},"133":{"start":{"line":222,"column":8},"end":{"line":222,"column":36}},"134":{"start":{"line":224,"column":8},"end":{"line":224,"column":37}},"135":{"start":{"line":227,"column":6},"end":{"line":227,"column":29}},"136":{"start":{"line":231,"column":20},"end":{"line":252,"column":3}},"137":{"start":{"line":232,"column":4},"end":{"line":251,"column":5}},"138":{"start":{"line":233,"column":23},"end":{"line":236,"column":8}},"139":{"start":{"line":238,"column":23},"end":{"line":238,"column":47}},"140":{"start":{"line":241,"column":20},"end":{"line":241,"column":39}},"141":{"start":{"line":242,"column":6},"end":{"line":242,"column":25}},"142":{"start":{"line":245,"column":6},"end":{"line":247,"column":9}},"143":{"start":{"line":246,"column":8},"end":{"line":246,"column":32}},"144":{"start":{"line":249,"column":6},"end":{"line":249,"column":41}},"145":{"start":{"line":250,"column":6},"end":{"line":250,"column":18}},"146":{"start":{"line":254,"column":23},"end":{"line":256,"column":3}},"147":{"start":{"line":255,"column":4},"end":{"line":255,"column":20}},"148":{"start":{"line":258,"column":29},"end":{"line":261,"column":3}},"149":{"start":{"line":259,"column":4},"end":{"line":259,"column":27}},"150":{"start":{"line":260,"column":4},"end":{"line":260,"column":27}},"151":{"start":{"line":263,"column":2},"end":{"line":366,"column":4}},"152":{"start":{"line":317,"column":26},"end":{"line":317,"column":56}},"153":{"start":{"line":339,"column":12},"end":{"line":339,"column":51}}},"fnMap":{"0":{"name":"App","decl":{"start":{"line":12,"column":9},"end":{"line":12,"column":12}},"loc":{"start":{"line":12,"column":15},"end":{"line":367,"column":1}},"line":12},"1":{"name":"(anonymous_1)","decl":{"start":{"line":29,"column":12},"end":{"line":29,"column":13}},"loc":{"start":{"line":29,"column":18},"end":{"line":31,"column":3}},"line":29},"2":{"name":"(anonymous_2)","decl":{"start":{"line":34,"column":12},"end":{"line":34,"column":13}},"loc":{"start":{"line":34,"column":18},"end":{"line":38,"column":3}},"line":34},"3":{"name":"(anonymous_3)","decl":{"start":{"line":37,"column":11},"end":{"line":37,"column":12}},"loc":{"start":{"line":37,"column":17},"end":{"line":37,"column":40}},"line":37},"4":{"name":"(anonymous_4)","decl":{"start":{"line":41,"column":12},"end":{"line":41,"column":13}},"loc":{"start":{"line":41,"column":18},"end":{"line":48,"column":3}},"line":41},"5":{"name":"(anonymous_5)","decl":{"start":{"line":47,"column":11},"end":{"line":47,"column":12}},"loc":{"start":{"line":47,"column":17},"end":{"line":47,"column":39}},"line":47},"6":{"name":"(anonymous_6)","decl":{"start":{"line":50,"column":31},"end":{"line":50,"column":32}},"loc":{"start":{"line":50,"column":37},"end":{"line":58,"column":3}},"line":50},"7":{"name":"(anonymous_7)","decl":{"start":{"line":52,"column":46},"end":{"line":52,"column":47}},"loc":{"start":{"line":52,"column":52},"end":{"line":57,"column":5}},"line":52},"8":{"name":"(anonymous_8)","decl":{"start":{"line":60,"column":31},"end":{"line":60,"column":32}},"loc":{"start":{"line":60,"column":37},"end":{"line":65,"column":3}},"line":60},"9":{"name":"(anonymous_9)","decl":{"start":{"line":67,"column":31},"end":{"line":67,"column":32}},"loc":{"start":{"line":67,"column":37},"end":{"line":72,"column":3}},"line":67},"10":{"name":"(anonymous_10)","decl":{"start":{"line":74,"column":24},"end":{"line":74,"column":25}},"loc":{"start":{"line":74,"column":36},"end":{"line":82,"column":3}},"line":74},"11":{"name":"(anonymous_11)","decl":{"start":{"line":84,"column":21},"end":{"line":84,"column":22}},"loc":{"start":{"line":84,"column":40},"end":{"line":86,"column":3}},"line":84},"12":{"name":"(anonymous_12)","decl":{"start":{"line":85,"column":16},"end":{"line":85,"column":17}},"loc":{"start":{"line":85,"column":24},"end":{"line":85,"column":75}},"line":85},"13":{"name":"(anonymous_13)","decl":{"start":{"line":88,"column":28},"end":{"line":88,"column":29}},"loc":{"start":{"line":88,"column":34},"end":{"line":94,"column":3}},"line":88},"14":{"name":"(anonymous_14)","decl":{"start":{"line":96,"column":28},"end":{"line":96,"column":29}},"loc":{"start":{"line":96,"column":34},"end":{"line":103,"column":3}},"line":96},"15":{"name":"(anonymous_15)","decl":{"start":{"line":105,"column":29},"end":{"line":105,"column":30}},"loc":{"start":{"line":105,"column":35},"end":{"line":111,"column":3}},"line":105},"16":{"name":"(anonymous_16)","decl":{"start":{"line":113,"column":27},"end":{"line":113,"column":28}},"loc":{"start":{"line":113,"column":33},"end":{"line":120,"column":3}},"line":113},"17":{"name":"(anonymous_17)","decl":{"start":{"line":122,"column":30},"end":{"line":122,"column":31}},"loc":{"start":{"line":122,"column":51},"end":{"line":229,"column":3}},"line":122},"18":{"name":"(anonymous_18)","decl":{"start":{"line":190,"column":24},"end":{"line":190,"column":25}},"loc":{"start":{"line":190,"column":30},"end":{"line":190,"column":66}},"line":190},"19":{"name":"(anonymous_19)","decl":{"start":{"line":231,"column":20},"end":{"line":231,"column":21}},"loc":{"start":{"line":231,"column":36},"end":{"line":252,"column":3}},"line":231},"20":{"name":"(anonymous_20)","decl":{"start":{"line":245,"column":24},"end":{"line":245,"column":25}},"loc":{"start":{"line":245,"column":37},"end":{"line":247,"column":7}},"line":245},"21":{"name":"(anonymous_21)","decl":{"start":{"line":254,"column":23},"end":{"line":254,"column":24}},"loc":{"start":{"line":254,"column":29},"end":{"line":256,"column":3}},"line":254},"22":{"name":"(anonymous_22)","decl":{"start":{"line":258,"column":29},"end":{"line":258,"column":30}},"loc":{"start":{"line":258,"column":41},"end":{"line":261,"column":3}},"line":258},"23":{"name":"(anonymous_23)","decl":{"start":{"line":317,"column":20},"end":{"line":317,"column":21}},"loc":{"start":{"line":317,"column":26},"end":{"line":317,"column":56}},"line":317},"24":{"name":"(anonymous_24)","decl":{"start":{"line":338,"column":24},"end":{"line":338,"column":25}},"loc":{"start":{"line":339,"column":12},"end":{"line":339,"column":51}},"line":339}},"branchMap":{"0":{"loc":{"start":{"line":10,"column":17},"end":{"line":10,"column":52}},"type":"binary-expr","locations":[{"start":{"line":10,"column":17},"end":{"line":10,"column":46}},{"start":{"line":10,"column":50},"end":{"line":10,"column":52}}],"line":10},"1":{"loc":{"start":{"line":42,"column":4},"end":{"line":46,"column":5}},"type":"if","locations":[{"start":{"line":42,"column":4},"end":{"line":46,"column":5}},{"start":{"line":44,"column":11},"end":{"line":46,"column":5}}],"line":42},"2":{"loc":{"start":{"line":53,"column":6},"end":{"line":56,"column":7}},"type":"if","locations":[{"start":{"line":53,"column":6},"end":{"line":56,"column":7}},{"start":{},"end":{}}],"line":53},"3":{"loc":{"start":{"line":53,"column":10},"end":{"line":53,"column":76}},"type":"binary-expr","locations":[{"start":{"line":53,"column":10},"end":{"line":53,"column":39}},{"start":{"line":53,"column":43},"end":{"line":53,"column":76}}],"line":53},"4":{"loc":{"start":{"line":61,"column":4},"end":{"line":64,"column":5}},"type":"if","locations":[{"start":{"line":61,"column":4},"end":{"line":64,"column":5}},{"start":{},"end":{}}],"line":61},"5":{"loc":{"start":{"line":69,"column":4},"end":{"line":71,"column":5}},"type":"if","locations":[{"start":{"line":69,"column":4},"end":{"line":71,"column":5}},{"start":{},"end":{}}],"line":69},"6":{"loc":{"start":{"line":143,"column":6},"end":{"line":151,"column":7}},"type":"if","locations":[{"start":{"line":143,"column":6},"end":{"line":151,"column":7}},{"start":{},"end":{}}],"line":143},"7":{"loc":{"start":{"line":143,"column":10},"end":{"line":143,"column":99}},"type":"binary-expr","locations":[{"start":{"line":143,"column":10},"end":{"line":143,"column":39}},{"start":{"line":143,"column":43},"end":{"line":143,"column":69}},{"start":{"line":143,"column":73},"end":{"line":143,"column":99}}],"line":143},"8":{"loc":{"start":{"line":154,"column":6},"end":{"line":162,"column":7}},"type":"if","locations":[{"start":{"line":154,"column":6},"end":{"line":162,"column":7}},{"start":{},"end":{}}],"line":154},"9":{"loc":{"start":{"line":154,"column":10},"end":{"line":154,"column":77}},"type":"binary-expr","locations":[{"start":{"line":154,"column":10},"end":{"line":154,"column":37}},{"start":{"line":154,"column":41},"end":{"line":154,"column":77}}],"line":154},"10":{"loc":{"start":{"line":165,"column":6},"end":{"line":180,"column":7}},"type":"if","locations":[{"start":{"line":165,"column":6},"end":{"line":180,"column":7}},{"start":{},"end":{}}],"line":165},"11":{"loc":{"start":{"line":173,"column":8},"end":{"line":176,"column":9}},"type":"if","locations":[{"start":{"line":173,"column":8},"end":{"line":176,"column":9}},{"start":{},"end":{}}],"line":173},"12":{"loc":{"start":{"line":173,"column":12},"end":{"line":173,"column":65}},"type":"binary-expr","locations":[{"start":{"line":173,"column":12},"end":{"line":173,"column":41}},{"start":{"line":173,"column":45},"end":{"line":173,"column":65}}],"line":173},"13":{"loc":{"start":{"line":207,"column":6},"end":{"line":212,"column":7}},"type":"if","locations":[{"start":{"line":207,"column":6},"end":{"line":212,"column":7}},{"start":{"line":210,"column":13},"end":{"line":212,"column":7}}],"line":207},"14":{"loc":{"start":{"line":207,"column":10},"end":{"line":207,"column":63}},"type":"binary-expr","locations":[{"start":{"line":207,"column":10},"end":{"line":207,"column":39}},{"start":{"line":207,"column":43},"end":{"line":207,"column":63}}],"line":207},"15":{"loc":{"start":{"line":217,"column":37},"end":{"line":217,"column":81}},"type":"binary-expr","locations":[{"start":{"line":217,"column":37},"end":{"line":217,"column":64}},{"start":{"line":217,"column":68},"end":{"line":217,"column":81}}],"line":217},"16":{"loc":{"start":{"line":220,"column":6},"end":{"line":225,"column":7}},"type":"if","locations":[{"start":{"line":220,"column":6},"end":{"line":225,"column":7}},{"start":{"line":223,"column":13},"end":{"line":225,"column":7}}],"line":220},"17":{"loc":{"start":{"line":276,"column":11},"end":{"line":280,"column":11}},"type":"binary-expr","locations":[{"start":{"line":276,"column":11},"end":{"line":276,"column":38}},{"start":{"line":277,"column":12},"end":{"line":279,"column":21}}],"line":276},"18":{"loc":{"start":{"line":282,"column":11},"end":{"line":291,"column":11}},"type":"binary-expr","locations":[{"start":{"line":282,"column":11},"end":{"line":282,"column":40}},{"start":{"line":283,"column":12},"end":{"line":290,"column":15}}],"line":282},"19":{"loc":{"start":{"line":293,"column":11},"end":{"line":302,"column":11}},"type":"binary-expr","locations":[{"start":{"line":293,"column":11},"end":{"line":293,"column":40}},{"start":{"line":294,"column":12},"end":{"line":301,"column":15}}],"line":293},"20":{"loc":{"start":{"line":305,"column":11},"end":{"line":309,"column":11}},"type":"binary-expr","locations":[{"start":{"line":305,"column":12},"end":{"line":305,"column":41}},{"start":{"line":305,"column":45},"end":{"line":305,"column":74}},{"start":{"line":306,"column":12},"end":{"line":308,"column":21}}],"line":305},"21":{"loc":{"start":{"line":322,"column":11},"end":{"line":336,"column":11}},"type":"binary-expr","locations":[{"start":{"line":322,"column":11},"end":{"line":322,"column":32}},{"start":{"line":323,"column":12},"end":{"line":335,"column":18}}],"line":322}},"s":{"0":0,"1":0,"2":0,"3":0,"4":0,"5":0,"6":0,"7":0,"8":0,"9":0,"10":0,"11":0,"12":0,"13":0,"14":0,"15":0,"16":0,"17":0,"18":0,"19":0,"20":0,"21":0,"22":0,"23":0,"24":0,"25":0,"26":0,"27":0,"28":0,"29":0,"30":0,"31":0,"32":0,"33":0,"34":0,"35":0,"36":0,"37":0,"38":0,"39":0,"40":0,"41":0,"42":0,"43":0,"44":0,"45":0,"46":0,"47":0,"48":0,"49":0,"50":0,"51":0,"52":0,"53":0,"54":0,"55":0,"56":0,"57":0,"58":0,"59":0,"60":0,"61":0,"62":0,"63":0,"64":0,"65":0,"66":0,"67":0,"68":0,"69":0,"70":0,"71":0,"72":0,"73":0,"74":0,"75":0,"76":0,"77":0,"78":0,"79":0,"80":0,"81":0,"82":0,"83":0,"84":0,"85":0,"86":0,"87":0,"88":0,"89":0,"90":0,"91":0,"92":0,"93":0,"94":0,"95":0,"96":0,"97":0,"98":0,"99":0,"100":0,"101":0,"102":0,"103":0,"104":0,"105":0,"106":0,"107":0,"108":0,"109":0,"110":0,"111":0,"112":0,"113":0,"114":0,"115":0,"116":0,"117":0,"118":0,"119":0,"120":0,"121":0,"122":0,"123":0,"124":0,"125":0,"126":0,"127":0,"128":0,"129":0,"130":0,"131":0,"132":0,"133":0,"134":0,"135":0,"136":0,"137":0,"138":0,"139":0,"140":0,"141":0,"142":0,"143":0,"144":0,"145":0,"146":0,"147":0,"148":0,"149":0,"150":0,"151":0,"152":0,"153":0},"f":{"0":0,"1":0,"2":0,"3":0,"4":0,"5":0,"6":0,"7":0,"8":0,"9":0,"10":0,"11":0,"12":0,"13":0,"14":0,"15":0,"16":0,"17":0,"18":0,"19":0,"20":0,"21":0,"22":0,"23":0,"24":0},"b":{"0":[0,0],"1":[0,0],"2":[0,0],"3":[0,0],"4":[0,0],"5":[0,0],"6":[0,0],"7":[0,0,0],"8":[0,0],"9":[0,0],"10":[0,0],"11":[0,0],"12":[0,0],"13":[0,0],"14":[0,0],"15":[0,0],"16":[0,0],"17":[0,0],"18":[0,0],"19":[0,0],"20":[0,0,0],"21":[0,0]}}
,"/home/wandeon/voice-chat-app/frontend/src/index.js": {"path":"/home/wandeon/voice-chat-app/frontend/src/index.js","statementMap":{"0":{"start":{"line":5,"column":13},"end":{"line":5,"column":65}},"1":{"start":{"line":6,"column":0},"end":{"line":10,"column":2}}},"fnMap":{},"branchMap":{},"s":{"0":0,"1":0},"f":{},"b":{}}
,"/home/wandeon/voice-chat-app/frontend/src/components/AudioRecorder.js": {"path":"/home/wandeon/voice-chat-app/frontend/src/components/AudioRecorder.js","statementMap":{"0":{"start":{"line":11,"column":22},"end":{"line":98,"column":1}},"1":{"start":{"line":18,"column":6},"end":{"line":18,"column":38}},"2":{"start":{"line":21,"column":2},"end":{"line":29,"column":79}},"3":{"start":{"line":22,"column":4},"end":{"line":22,"column":42}},"4":{"start":{"line":22,"column":35},"end":{"line":22,"column":42}},"5":{"start":{"line":24,"column":4},"end":{"line":28,"column":5}},"6":{"start":{"line":25,"column":6},"end":{"line":25,"column":23}},"7":{"start":{"line":26,"column":11},"end":{"line":28,"column":5}},"8":{"start":{"line":27,"column":6},"end":{"line":27,"column":22}},"9":{"start":{"line":31,"column":32},"end":{"line":37,"column":3}},"10":{"start":{"line":32,"column":4},"end":{"line":36,"column":5}},"11":{"start":{"line":33,"column":6},"end":{"line":33,"column":22}},"12":{"start":{"line":35,"column":6},"end":{"line":35,"column":23}},"13":{"start":{"line":39,"column":24},"end":{"line":50,"column":3}},"14":{"start":{"line":40,"column":4},"end":{"line":42,"column":5}},"15":{"start":{"line":41,"column":6},"end":{"line":41,"column":47}},"16":{"start":{"line":43,"column":4},"end":{"line":45,"column":5}},"17":{"start":{"line":44,"column":6},"end":{"line":44,"column":29}},"18":{"start":{"line":46,"column":4},"end":{"line":48,"column":5}},"19":{"start":{"line":47,"column":6},"end":{"line":47,"column":28}},"20":{"start":{"line":49,"column":4},"end":{"line":49,"column":19}},"21":{"start":{"line":52,"column":27},"end":{"line":52,"column":76}},"22":{"start":{"line":54,"column":2},"end":{"line":97,"column":4}}},"fnMap":{"0":{"name":"(anonymous_0)","decl":{"start":{"line":11,"column":22},"end":{"line":11,"column":23}},"loc":{"start":{"line":11,"column":59},"end":{"line":98,"column":1}},"line":11},"1":{"name":"(anonymous_1)","decl":{"start":{"line":21,"column":12},"end":{"line":21,"column":13}},"loc":{"start":{"line":21,"column":18},"end":{"line":29,"column":3}},"line":21},"2":{"name":"(anonymous_2)","decl":{"start":{"line":31,"column":32},"end":{"line":31,"column":33}},"loc":{"start":{"line":31,"column":38},"end":{"line":37,"column":3}},"line":31},"3":{"name":"(anonymous_3)","decl":{"start":{"line":39,"column":24},"end":{"line":39,"column":25}},"loc":{"start":{"line":39,"column":30},"end":{"line":50,"column":3}},"line":39}},"branchMap":{"0":{"loc":{"start":{"line":22,"column":4},"end":{"line":22,"column":42}},"type":"if","locations":[{"start":{"line":22,"column":4},"end":{"line":22,"column":42}},{"start":{},"end":{}}],"line":22},"1":{"loc":{"start":{"line":24,"column":4},"end":{"line":28,"column":5}},"type":"if","locations":[{"start":{"line":24,"column":4},"end":{"line":28,"column":5}},{"start":{"line":26,"column":11},"end":{"line":28,"column":5}}],"line":24},"2":{"loc":{"start":{"line":24,"column":8},"end":{"line":24,"column":52}},"type":"binary-expr","locations":[{"start":{"line":24,"column":8},"end":{"line":24,"column":19}},{"start":{"line":24,"column":23},"end":{"line":24,"column":36}},{"start":{"line":24,"column":40},"end":{"line":24,"column":52}}],"line":24},"3":{"loc":{"start":{"line":26,"column":11},"end":{"line":28,"column":5}},"type":"if","locations":[{"start":{"line":26,"column":11},"end":{"line":28,"column":5}},{"start":{},"end":{}}],"line":26},"4":{"loc":{"start":{"line":26,"column":15},"end":{"line":26,"column":42}},"type":"binary-expr","locations":[{"start":{"line":26,"column":15},"end":{"line":26,"column":27}},{"start":{"line":26,"column":31},"end":{"line":26,"column":42}}],"line":26},"5":{"loc":{"start":{"line":32,"column":4},"end":{"line":36,"column":5}},"type":"if","locations":[{"start":{"line":32,"column":4},"end":{"line":36,"column":5}},{"start":{"line":34,"column":11},"end":{"line":36,"column":5}}],"line":32},"6":{"loc":{"start":{"line":40,"column":4},"end":{"line":42,"column":5}},"type":"if","locations":[{"start":{"line":40,"column":4},"end":{"line":42,"column":5}},{"start":{},"end":{}}],"line":40},"7":{"loc":{"start":{"line":43,"column":4},"end":{"line":45,"column":5}},"type":"if","locations":[{"start":{"line":43,"column":4},"end":{"line":45,"column":5}},{"start":{},"end":{}}],"line":43},"8":{"loc":{"start":{"line":46,"column":4},"end":{"line":48,"column":5}},"type":"if","locations":[{"start":{"line":46,"column":4},"end":{"line":48,"column":5}},{"start":{},"end":{}}],"line":46},"9":{"loc":{"start":{"line":52,"column":27},"end":{"line":52,"column":76}},"type":"binary-expr","locations":[{"start":{"line":52,"column":27},"end":{"line":52,"column":49}},{"start":{"line":52,"column":53},"end":{"line":52,"column":76}}],"line":52},"10":{"loc":{"start":{"line":56,"column":35},"end":{"line":56,"column":65}},"type":"cond-expr","locations":[{"start":{"line":56,"column":49},"end":{"line":56,"column":60}},{"start":{"line":56,"column":63},"end":{"line":56,"column":65}}],"line":56},"11":{"loc":{"start":{"line":61,"column":39},"end":{"line":61,"column":69}},"type":"cond-expr","locations":[{"start":{"line":61,"column":57},"end":{"line":61,"column":64}},{"start":{"line":61,"column":67},"end":{"line":61,"column":69}}],"line":61},"12":{"loc":{"start":{"line":64,"column":9},"end":{"line":68,"column":9}},"type":"binary-expr","locations":[{"start":{"line":64,"column":9},"end":{"line":64,"column":24}},{"start":{"line":65,"column":10},"end":{"line":67,"column":16}}],"line":64},"13":{"loc":{"start":{"line":71,"column":7},"end":{"line":76,"column":7}},"type":"binary-expr","locations":[{"start":{"line":71,"column":7},"end":{"line":71,"column":18}},{"start":{"line":72,"column":8},"end":{"line":75,"column":14}}],"line":71},"14":{"loc":{"start":{"line":79,"column":38},"end":{"line":79,"column":68}},"type":"cond-expr","locations":[{"start":{"line":79,"column":52},"end":{"line":79,"column":63}},{"start":{"line":79,"column":66},"end":{"line":79,"column":68}}],"line":79},"15":{"loc":{"start":{"line":82,"column":20},"end":{"line":82,"column":70}},"type":"cond-expr","locations":[{"start":{"line":82,"column":34},"end":{"line":82,"column":50}},{"start":{"line":82,"column":53},"end":{"line":82,"column":70}}],"line":82},"16":{"loc":{"start":{"line":84,"column":9},"end":{"line":94,"column":9}},"type":"cond-expr","locations":[{"start":{"line":85,"column":10},"end":{"line":88,"column":17}},{"start":{"line":90,"column":10},"end":{"line":93,"column":17}}],"line":84}},"s":{"0":1,"1":27,"2":27,"3":26,"4":21,"5":5,"6":1,"7":4,"8":1,"9":27,"10":3,"11":1,"12":2,"13":27,"14":27,"15":2,"16":25,"17":5,"18":20,"19":7,"20":13,"21":27,"22":27},"f":{"0":27,"1":26,"2":3,"3":27},"b":{"0":[21,5],"1":[1,4],"2":[5,3,2],"3":[1,3],"4":[4,2],"5":[1,2],"6":[2,25],"7":[5,20],"8":[7,13],"9":[27,25],"10":[7,20],"11":[5,22],"12":[27,5],"13":[27,7],"14":[7,20],"15":[7,20],"16":[7,20]},"_coverageSchema":"1a1c01bbd47fc00a2c39e90264f33305004495a9","hash":"b037cbaca529b9b223ea13f09bb9c4588c17bb01"}
,"/home/wandeon/voice-chat-app/frontend/src/components/ChatMessage.js": {"path":"/home/wandeon/voice-chat-app/frontend/src/components/ChatMessage.js","statementMap":{"0":{"start":{"line":4,"column":39},"end":{"line":4,"column":46}},"1":{"start":{"line":6,"column":21},"end":{"line":11,"column":3}},"2":{"start":{"line":7,"column":4},"end":{"line":10,"column":7}},"3":{"start":{"line":13,"column":2},"end":{"line":23,"column":4}}},"fnMap":{"0":{"name":"ChatMessage","decl":{"start":{"line":3,"column":9},"end":{"line":3,"column":20}},"loc":{"start":{"line":3,"column":34},"end":{"line":24,"column":1}},"line":3},"1":{"name":"(anonymous_1)","decl":{"start":{"line":6,"column":21},"end":{"line":6,"column":22}},"loc":{"start":{"line":6,"column":31},"end":{"line":11,"column":3}},"line":6}},"branchMap":{"0":{"loc":{"start":{"line":17,"column":11},"end":{"line":17,"column":84}},"type":"cond-expr","locations":[{"start":{"line":17,"column":29},"end":{"line":17,"column":37}},{"start":{"line":17,"column":40},"end":{"line":17,"column":84}}],"line":17},"1":{"loc":{"start":{"line":17,"column":40},"end":{"line":17,"column":84}},"type":"cond-expr","locations":[{"start":{"line":17,"column":63},"end":{"line":17,"column":70}},{"start":{"line":17,"column":73},"end":{"line":17,"column":84}}],"line":17}},"s":{"0":0,"1":0,"2":0,"3":0},"f":{"0":0,"1":0},"b":{"0":[0,0],"1":[0,0]}}
,"/home/wandeon/voice-chat-app/frontend/src/components/ConversationIndicator.js": {"path":"/home/wandeon/voice-chat-app/frontend/src/components/ConversationIndicator.js","statementMap":{"0":{"start":{"line":5,"column":25},"end":{"line":51,"column":3}},"1":{"start":{"line":6,"column":4},"end":{"line":50,"column":5}},"2":{"start":{"line":8,"column":8},"end":{"line":13,"column":10}},"3":{"start":{"line":15,"column":8},"end":{"line":20,"column":10}},"4":{"start":{"line":22,"column":8},"end":{"line":27,"column":10}},"5":{"start":{"line":29,"column":8},"end":{"line":34,"column":10}},"6":{"start":{"line":36,"column":8},"end":{"line":41,"column":10}},"7":{"start":{"line":44,"column":8},"end":{"line":49,"column":10}},"8":{"start":{"line":53,"column":17},"end":{"line":53,"column":33}},"9":{"start":{"line":55,"column":2},"end":{"line":75,"column":4}}},"fnMap":{"0":{"name":"ConversationIndicator","decl":{"start":{"line":4,"column":9},"end":{"line":4,"column":30}},"loc":{"start":{"line":4,"column":55},"end":{"line":76,"column":1}},"line":4},"1":{"name":"(anonymous_1)","decl":{"start":{"line":5,"column":25},"end":{"line":5,"column":26}},"loc":{"start":{"line":5,"column":31},"end":{"line":51,"column":3}},"line":5}},"branchMap":{"0":{"loc":{"start":{"line":6,"column":4},"end":{"line":50,"column":5}},"type":"switch","locations":[{"start":{"line":7,"column":6},"end":{"line":13,"column":10}},{"start":{"line":14,"column":6},"end":{"line":20,"column":10}},{"start":{"line":21,"column":6},"end":{"line":27,"column":10}},{"start":{"line":28,"column":6},"end":{"line":34,"column":10}},{"start":{"line":35,"column":6},"end":{"line":41,"column":10}},{"start":{"line":42,"column":6},"end":{"line":42,"column":18}},{"start":{"line":43,"column":6},"end":{"line":49,"column":10}}],"line":6},"1":{"loc":{"start":{"line":57,"column":36},"end":{"line":57,"column":69}},"type":"cond-expr","locations":[{"start":{"line":57,"column":54},"end":{"line":57,"column":64}},{"start":{"line":57,"column":67},"end":{"line":57,"column":69}}],"line":57},"2":{"loc":{"start":{"line":62,"column":7},"end":{"line":73,"column":7}},"type":"binary-expr","locations":[{"start":{"line":62,"column":7},"end":{"line":62,"column":28}},{"start":{"line":62,"column":32},"end":{"line":62,"column":57}},{"start":{"line":63,"column":8},"end":{"line":72,"column":14}}],"line":62}},"s":{"0":0,"1":0,"2":0,"3":0,"4":0,"5":0,"6":0,"7":0,"8":0,"9":0},"f":{"0":0,"1":0},"b":{"0":[0,0,0,0,0,0,0],"1":[0,0],"2":[0,0,0]}}
,"/home/wandeon/voice-chat-app/frontend/src/components/ConversationSettings.js": {"path":"/home/wandeon/voice-chat-app/frontend/src/components/ConversationSettings.js","statementMap":{"0":{"start":{"line":5,"column":23},"end":{"line":7,"column":3}},"1":{"start":{"line":6,"column":4},"end":{"line":6,"column":52}},"2":{"start":{"line":9,"column":2},"end":{"line":110,"column":4}},"3":{"start":{"line":29,"column":16},"end":{"line":35,"column":25}},"4":{"start":{"line":32,"column":33},"end":{"line":32,"column":74}},"5":{"start":{"line":51,"column":33},"end":{"line":51,"column":78}},"6":{"start":{"line":75,"column":33},"end":{"line":75,"column":92}},"7":{"start":{"line":93,"column":33},"end":{"line":93,"column":81}},"8":{"start":{"line":103,"column":57},"end":{"line":103,"column":95}},"9":{"start":{"line":114,"column":2},"end":{"line":119,"column":4}}},"fnMap":{"0":{"name":"ConversationSettings","decl":{"start":{"line":4,"column":9},"end":{"line":4,"column":29}},"loc":{"start":{"line":4,"column":80},"end":{"line":111,"column":1}},"line":4},"1":{"name":"(anonymous_1)","decl":{"start":{"line":5,"column":23},"end":{"line":5,"column":24}},"loc":{"start":{"line":5,"column":39},"end":{"line":7,"column":3}},"line":5},"2":{"name":"(anonymous_2)","decl":{"start":{"line":28,"column":39},"end":{"line":28,"column":40}},"loc":{"start":{"line":29,"column":16},"end":{"line":35,"column":25}},"line":29},"3":{"name":"(anonymous_3)","decl":{"start":{"line":32,"column":27},"end":{"line":32,"column":28}},"loc":{"start":{"line":32,"column":33},"end":{"line":32,"column":74}},"line":32},"4":{"name":"(anonymous_4)","decl":{"start":{"line":51,"column":26},"end":{"line":51,"column":27}},"loc":{"start":{"line":51,"column":33},"end":{"line":51,"column":78}},"line":51},"5":{"name":"(anonymous_5)","decl":{"start":{"line":75,"column":26},"end":{"line":75,"column":27}},"loc":{"start":{"line":75,"column":33},"end":{"line":75,"column":92}},"line":75},"6":{"name":"(anonymous_6)","decl":{"start":{"line":93,"column":26},"end":{"line":93,"column":27}},"loc":{"start":{"line":93,"column":33},"end":{"line":93,"column":81}},"line":93},"7":{"name":"(anonymous_7)","decl":{"start":{"line":103,"column":51},"end":{"line":103,"column":52}},"loc":{"start":{"line":103,"column":57},"end":{"line":103,"column":95}},"line":103},"8":{"name":"getDefaultSettings","decl":{"start":{"line":113,"column":16},"end":{"line":113,"column":34}},"loc":{"start":{"line":113,"column":37},"end":{"line":120,"column":1}},"line":113}},"branchMap":{"0":{"loc":{"start":{"line":10,"column":38},"end":{"line":10,"column":58}},"type":"cond-expr","locations":[{"start":{"line":10,"column":47},"end":{"line":10,"column":53}},{"start":{"line":10,"column":56},"end":{"line":10,"column":58}}],"line":10},"1":{"loc":{"start":{"line":15,"column":7},"end":{"line":108,"column":7}},"type":"binary-expr","locations":[{"start":{"line":15,"column":7},"end":{"line":15,"column":13}},{"start":{"line":16,"column":8},"end":{"line":107,"column":14}}],"line":15},"2":{"loc":{"start":{"line":31,"column":45},"end":{"line":31,"column":98}},"type":"cond-expr","locations":[{"start":{"line":31,"column":85},"end":{"line":31,"column":93}},{"start":{"line":31,"column":96},"end":{"line":31,"column":98}}],"line":31},"3":{"loc":{"start":{"line":56,"column":46},"end":{"line":56,"column":81}},"type":"cond-expr","locations":[{"start":{"line":56,"column":69},"end":{"line":56,"column":73}},{"start":{"line":56,"column":76},"end":{"line":56,"column":81}}],"line":56},"4":{"loc":{"start":{"line":98,"column":46},"end":{"line":98,"column":84}},"type":"cond-expr","locations":[{"start":{"line":98,"column":72},"end":{"line":98,"column":76}},{"start":{"line":98,"column":79},"end":{"line":98,"column":84}}],"line":98}},"s":{"0":0,"1":0,"2":0,"3":0,"4":0,"5":0,"6":0,"7":0,"8":0,"9":0},"f":{"0":0,"1":0,"2":0,"3":0,"4":0,"5":0,"6":0,"7":0,"8":0},"b":{"0":[0,0],"1":[0,0],"2":[0,0],"3":[0,0],"4":[0,0]}}
,"/home/wandeon/voice-chat-app/frontend/src/components/MessageList.js": {"path":"/home/wandeon/voice-chat-app/frontend/src/components/MessageList.js","statementMap":{"0":{"start":{"line":16,"column":20},"end":{"line":16,"column":37}},"1":{"start":{"line":17,"column":25},"end":{"line":17,"column":37}},"2":{"start":{"line":24,"column":6},"end":{"line":24,"column":11}},"3":{"start":{"line":27,"column":2},"end":{"line":36,"column":56}},"4":{"start":{"line":28,"column":27},"end":{"line":32,"column":5}},"5":{"start":{"line":29,"column":6},"end":{"line":31,"column":7}},"6":{"start":{"line":30,"column":8},"end":{"line":30,"column":70}},"7":{"start":{"line":34,"column":18},"end":{"line":34,"column":55}},"8":{"start":{"line":35,"column":4},"end":{"line":35,"column":45}},"9":{"start":{"line":35,"column":17},"end":{"line":35,"column":44}},"10":{"start":{"line":39,"column":21},"end":{"line":44,"column":3}},"11":{"start":{"line":40,"column":4},"end":{"line":43,"column":7}},"12":{"start":{"line":47,"column":25},"end":{"line":49,"column":3}},"13":{"start":{"line":48,"column":4},"end":{"line":48,"column":37}},"14":{"start":{"line":52,"column":24},"end":{"line":81,"column":3}},"15":{"start":{"line":53,"column":61},"end":{"line":53,"column":68}},"16":{"start":{"line":54,"column":19},"end":{"line":54,"column":52}},"17":{"start":{"line":56,"column":4},"end":{"line":80,"column":6}},"18":{"start":{"line":84,"column":34},"end":{"line":110,"column":3}},"19":{"start":{"line":85,"column":4},"end":{"line":108,"column":5}},"20":{"start":{"line":89,"column":6},"end":{"line":107,"column":8}},"21":{"start":{"line":109,"column":4},"end":{"line":109,"column":16}},"22":{"start":{"line":113,"column":34},"end":{"line":136,"column":3}},"23":{"start":{"line":114,"column":4},"end":{"line":134,"column":5}},"24":{"start":{"line":115,"column":6},"end":{"line":133,"column":8}},"25":{"start":{"line":135,"column":4},"end":{"line":135,"column":16}},"26":{"start":{"line":139,"column":27},"end":{"line":161,"column":3}},"27":{"start":{"line":140,"column":4},"end":{"line":159,"column":5}},"28":{"start":{"line":141,"column":6},"end":{"line":158,"column":8}},"29":{"start":{"line":160,"column":4},"end":{"line":160,"column":16}},"30":{"start":{"line":163,"column":2},"end":{"line":176,"column":4}}},"fnMap":{"0":{"name":"MessageList","decl":{"start":{"line":15,"column":9},"end":{"line":15,"column":20}},"loc":{"start":{"line":15,"column":23},"end":{"line":177,"column":1}},"line":15},"1":{"name":"(anonymous_1)","decl":{"start":{"line":27,"column":12},"end":{"line":27,"column":13}},"loc":{"start":{"line":27,"column":18},"end":{"line":36,"column":3}},"line":27},"2":{"name":"(anonymous_2)","decl":{"start":{"line":28,"column":27},"end":{"line":28,"column":28}},"loc":{"start":{"line":28,"column":33},"end":{"line":32,"column":5}},"line":28},"3":{"name":"(anonymous_3)","decl":{"start":{"line":35,"column":11},"end":{"line":35,"column":12}},"loc":{"start":{"line":35,"column":17},"end":{"line":35,"column":44}},"line":35},"4":{"name":"(anonymous_4)","decl":{"start":{"line":39,"column":21},"end":{"line":39,"column":22}},"loc":{"start":{"line":39,"column":36},"end":{"line":44,"column":3}},"line":39},"5":{"name":"(anonymous_5)","decl":{"start":{"line":47,"column":25},"end":{"line":47,"column":26}},"loc":{"start":{"line":47,"column":39},"end":{"line":49,"column":3}},"line":47},"6":{"name":"(anonymous_6)","decl":{"start":{"line":52,"column":24},"end":{"line":52,"column":25}},"loc":{"start":{"line":52,"column":44},"end":{"line":81,"column":3}},"line":52},"7":{"name":"(anonymous_7)","decl":{"start":{"line":84,"column":34},"end":{"line":84,"column":35}},"loc":{"start":{"line":84,"column":40},"end":{"line":110,"column":3}},"line":84},"8":{"name":"(anonymous_8)","decl":{"start":{"line":113,"column":34},"end":{"line":113,"column":35}},"loc":{"start":{"line":113,"column":40},"end":{"line":136,"column":3}},"line":113},"9":{"name":"(anonymous_9)","decl":{"start":{"line":139,"column":27},"end":{"line":139,"column":28}},"loc":{"start":{"line":139,"column":33},"end":{"line":161,"column":3}},"line":139}},"branchMap":{"0":{"loc":{"start":{"line":29,"column":6},"end":{"line":31,"column":7}},"type":"if","locations":[{"start":{"line":29,"column":6},"end":{"line":31,"column":7}},{"start":{},"end":{}}],"line":29},"1":{"loc":{"start":{"line":54,"column":19},"end":{"line":54,"column":52}},"type":"binary-expr","locations":[{"start":{"line":54,"column":19},"end":{"line":54,"column":21}},{"start":{"line":54,"column":25},"end":{"line":54,"column":52}}],"line":54},"2":{"loc":{"start":{"line":65,"column":13},"end":{"line":65,"column":84}},"type":"cond-expr","locations":[{"start":{"line":65,"column":31},"end":{"line":65,"column":36}},{"start":{"line":65,"column":39},"end":{"line":65,"column":84}}],"line":65},"3":{"loc":{"start":{"line":65,"column":39},"end":{"line":65,"column":84}},"type":"cond-expr","locations":[{"start":{"line":65,"column":62},"end":{"line":65,"column":73}},{"start":{"line":65,"column":76},"end":{"line":65,"column":84}}],"line":65},"4":{"loc":{"start":{"line":72,"column":9},"end":{"line":78,"column":9}},"type":"binary-expr","locations":[{"start":{"line":72,"column":9},"end":{"line":72,"column":17}},{"start":{"line":73,"column":10},"end":{"line":77,"column":16}}],"line":72},"5":{"loc":{"start":{"line":85,"column":4},"end":{"line":108,"column":5}},"type":"if","locations":[{"start":{"line":85,"column":4},"end":{"line":108,"column":5}},{"start":{},"end":{}}],"line":85},"6":{"loc":{"start":{"line":86,"column":6},"end":{"line":87,"column":24}},"type":"binary-expr","locations":[{"start":{"line":86,"column":7},"end":{"line":86,"column":39}},{"start":{"line":86,"column":43},"end":{"line":86,"column":75}},{"start":{"line":87,"column":6},"end":{"line":87,"column":24}}],"line":86},"7":{"loc":{"start":{"line":114,"column":4},"end":{"line":134,"column":5}},"type":"if","locations":[{"start":{"line":114,"column":4},"end":{"line":134,"column":5}},{"start":{},"end":{}}],"line":114},"8":{"loc":{"start":{"line":114,"column":8},"end":{"line":114,"column":65}},"type":"binary-expr","locations":[{"start":{"line":114,"column":8},"end":{"line":114,"column":44}},{"start":{"line":114,"column":48},"end":{"line":114,"column":65}}],"line":114},"9":{"loc":{"start":{"line":140,"column":4},"end":{"line":159,"column":5}},"type":"if","locations":[{"start":{"line":140,"column":4},"end":{"line":159,"column":5}},{"start":{},"end":{}}],"line":140},"10":{"loc":{"start":{"line":153,"column":13},"end":{"line":155,"column":13}},"type":"binary-expr","locations":[{"start":{"line":153,"column":13},"end":{"line":153,"column":30}},{"start":{"line":154,"column":14},"end":{"line":154,"column":65}}],"line":153}},"s":{"0":0,"1":0,"2":0,"3":0,"4":0,"5":0,"6":0,"7":0,"8":0,"9":0,"10":0,"11":0,"12":0,"13":0,"14":0,"15":0,"16":0,"17":0,"18":0,"19":0,"20":0,"21":0,"22":0,"23":0,"24":0,"25":0,"26":0,"27":0,"28":0,"29":0,"30":0},"f":{"0":0,"1":0,"2":0,"3":0,"4":0,"5":0,"6":0,"7":0,"8":0,"9":0},"b":{"0":[0,0],"1":[0,0],"2":[0,0],"3":[0,0],"4":[0,0],"5":[0,0],"6":[0,0,0],"7":[0,0],"8":[0,0],"9":[0,0],"10":[0,0]}}
,"/home/wandeon/voice-chat-app/frontend/src/components/ServiceStatus.js": {"path":"/home/wandeon/voice-chat-app/frontend/src/components/ServiceStatus.js","statementMap":{"0":{"start":{"line":4,"column":2},"end":{"line":10,"column":3}},"1":{"start":{"line":5,"column":4},"end":{"line":9,"column":6}},"2":{"start":{"line":12,"column":20},"end":{"line":14,"column":51}},"3":{"start":{"line":16,"column":2},"end":{"line":37,"column":4}}},"fnMap":{"0":{"name":"ServiceStatus","decl":{"start":{"line":3,"column":9},"end":{"line":3,"column":22}},"loc":{"start":{"line":3,"column":35},"end":{"line":38,"column":1}},"line":3}},"branchMap":{"0":{"loc":{"start":{"line":4,"column":2},"end":{"line":10,"column":3}},"type":"if","locations":[{"start":{"line":4,"column":2},"end":{"line":10,"column":3}},{"start":{},"end":{}}],"line":4},"1":{"loc":{"start":{"line":12,"column":20},"end":{"line":14,"column":51}},"type":"binary-expr","locations":[{"start":{"line":12,"column":20},"end":{"line":12,"column":51}},{"start":{"line":13,"column":20},"end":{"line":13,"column":51}},{"start":{"line":14,"column":20},"end":{"line":14,"column":51}}],"line":12},"2":{"loc":{"start":{"line":19,"column":9},"end":{"line":23,"column":9}},"type":"cond-expr","locations":[{"start":{"line":20,"column":10},"end":{"line":20,"column":83}},{"start":{"line":22,"column":10},"end":{"line":22,"column":86}}],"line":19},"3":{"loc":{"start":{"line":27,"column":16},"end":{"line":27,"column":59}},"type":"cond-expr","locations":[{"start":{"line":27,"column":50},"end":{"line":27,"column":53}},{"start":{"line":27,"column":56},"end":{"line":27,"column":59}}],"line":27},"4":{"loc":{"start":{"line":30,"column":16},"end":{"line":30,"column":59}},"type":"cond-expr","locations":[{"start":{"line":30,"column":50},"end":{"line":30,"column":53}},{"start":{"line":30,"column":56},"end":{"line":30,"column":59}}],"line":30},"5":{"loc":{"start":{"line":33,"column":16},"end":{"line":33,"column":59}},"type":"cond-expr","locations":[{"start":{"line":33,"column":50},"end":{"line":33,"column":53}},{"start":{"line":33,"column":56},"end":{"line":33,"column":59}}],"line":33}},"s":{"0":0,"1":0,"2":0,"3":0},"f":{"0":0},"b":{"0":[0,0],"1":[0,0,0],"2":[0,0],"3":[0,0],"4":[0,0],"5":[0,0]}}
,"/home/wandeon/voice-chat-app/frontend/src/components/VoiceRecorder.js": {"path":"/home/wandeon/voice-chat-app/frontend/src/components/VoiceRecorder.js","statementMap":{"0":{"start":{"line":12,"column":44},"end":{"line":12,"column":55}},"1":{"start":{"line":13,"column":46},"end":{"line":13,"column":61}},"2":{"start":{"line":14,"column":27},"end":{"line":14,"column":39}},"3":{"start":{"line":15,"column":20},"end":{"line":15,"column":30}},"4":{"start":{"line":16,"column":19},"end":{"line":16,"column":31}},"5":{"start":{"line":17,"column":20},"end":{"line":17,"column":32}},"6":{"start":{"line":18,"column":26},"end":{"line":18,"column":38}},"7":{"start":{"line":19,"column":22},"end":{"line":19,"column":34}},"8":{"start":{"line":20,"column":28},"end":{"line":20,"column":40}},"9":{"start":{"line":21,"column":33},"end":{"line":21,"column":45}},"10":{"start":{"line":22,"column":30},"end":{"line":22,"column":43}},"11":{"start":{"line":23,"column":29},"end":{"line":23,"column":41}},"12":{"start":{"line":25,"column":2},"end":{"line":29,"column":9}},"13":{"start":{"line":26,"column":4},"end":{"line":28,"column":6}},"14":{"start":{"line":27,"column":6},"end":{"line":27,"column":16}},"15":{"start":{"line":31,"column":2},"end":{"line":35,"column":18}},"16":{"start":{"line":32,"column":4},"end":{"line":34,"column":5}},"17":{"start":{"line":33,"column":6},"end":{"line":33,"column":23}},"18":{"start":{"line":37,"column":18},"end":{"line":53,"column":3}},"19":{"start":{"line":38,"column":4},"end":{"line":40,"column":5}},"20":{"start":{"line":39,"column":6},"end":{"line":39,"column":38}},"21":{"start":{"line":41,"column":4},"end":{"line":43,"column":5}},"22":{"start":{"line":42,"column":6},"end":{"line":42,"column":46}},"23":{"start":{"line":44,"column":4},"end":{"line":46,"column":5}},"24":{"start":{"line":45,"column":6},"end":{"line":45,"column":52}},"25":{"start":{"line":47,"column":4},"end":{"line":49,"column":5}},"26":{"start":{"line":48,"column":6},"end":{"line":48,"column":67}},"27":{"start":{"line":48,"column":53},"end":{"line":48,"column":65}},"28":{"start":{"line":50,"column":4},"end":{"line":52,"column":5}},"29":{"start":{"line":51,"column":6},"end":{"line":51,"column":38}},"30":{"start":{"line":55,"column":25},"end":{"line":116,"column":3}},"31":{"start":{"line":56,"column":4},"end":{"line":115,"column":5}},"32":{"start":{"line":57,"column":21},"end":{"line":64,"column":8}},"33":{"start":{"line":66,"column":6},"end":{"line":66,"column":33}},"34":{"start":{"line":69,"column":6},"end":{"line":69,"column":89}},"35":{"start":{"line":70,"column":26},"end":{"line":70,"column":81}},"36":{"start":{"line":71,"column":6},"end":{"line":71,"column":69}},"37":{"start":{"line":72,"column":6},"end":{"line":72,"column":41}},"38":{"start":{"line":73,"column":6},"end":{"line":73,"column":54}},"39":{"start":{"line":74,"column":6},"end":{"line":74,"column":47}},"40":{"start":{"line":77,"column":6},"end":{"line":77,"column":59}},"41":{"start":{"line":78,"column":6},"end":{"line":78,"column":29}},"42":{"start":{"line":80,"column":6},"end":{"line":84,"column":8}},"43":{"start":{"line":81,"column":8},"end":{"line":83,"column":9}},"44":{"start":{"line":82,"column":10},"end":{"line":82,"column":41}},"45":{"start":{"line":86,"column":6},"end":{"line":90,"column":8}},"46":{"start":{"line":87,"column":26},"end":{"line":87,"column":76}},"47":{"start":{"line":88,"column":8},"end":{"line":88,"column":35}},"48":{"start":{"line":89,"column":8},"end":{"line":89,"column":18}},"49":{"start":{"line":92,"column":6},"end":{"line":92,"column":39}},"50":{"start":{"line":93,"column":6},"end":{"line":93,"column":27}},"51":{"start":{"line":94,"column":6},"end":{"line":94,"column":26}},"52":{"start":{"line":95,"column":6},"end":{"line":95,"column":42}},"53":{"start":{"line":96,"column":6},"end":{"line":96,"column":40}},"54":{"start":{"line":97,"column":6},"end":{"line":97,"column":31}},"55":{"start":{"line":100,"column":6},"end":{"line":102,"column":15}},"56":{"start":{"line":101,"column":8},"end":{"line":101,"column":43}},"57":{"start":{"line":101,"column":33},"end":{"line":101,"column":41}},"58":{"start":{"line":105,"column":6},"end":{"line":107,"column":15}},"59":{"start":{"line":106,"column":8},"end":{"line":106,"column":43}},"60":{"start":{"line":110,"column":6},"end":{"line":110,"column":30}},"61":{"start":{"line":113,"column":6},"end":{"line":113,"column":58}},"62":{"start":{"line":114,"column":6},"end":{"line":114,"column":70}},"63":{"start":{"line":118,"column":23},"end":{"line":126,"column":3}},"64":{"start":{"line":120,"column":14},"end":{"line":120,"column":15}},"65":{"start":{"line":121,"column":4},"end":{"line":124,"column":5}},"66":{"start":{"line":121,"column":17},"end":{"line":121,"column":18}},"67":{"start":{"line":122,"column":25},"end":{"line":122,"column":51}},"68":{"start":{"line":123,"column":6},"end":{"line":123,"column":37}},"69":{"start":{"line":125,"column":4},"end":{"line":125,"column":45}},"70":{"start":{"line":128,"column":32},"end":{"line":195,"column":3}},"71":{"start":{"line":129,"column":4},"end":{"line":129,"column":37}},"72":{"start":{"line":129,"column":30},"end":{"line":129,"column":37}},"73":{"start":{"line":131,"column":25},"end":{"line":131,"column":52}},"74":{"start":{"line":132,"column":22},"end":{"line":132,"column":50}},"75":{"start":{"line":135,"column":29},"end":{"line":135,"column":33}},"76":{"start":{"line":136,"column":33},"end":{"line":136,"column":37}},"77":{"start":{"line":138,"column":4},"end":{"line":194,"column":12}},"78":{"start":{"line":139,"column":6},"end":{"line":139,"column":39}},"79":{"start":{"line":139,"column":32},"end":{"line":139,"column":39}},"80":{"start":{"line":142,"column":6},"end":{"line":142,"column":59}},"81":{"start":{"line":145,"column":18},"end":{"line":145,"column":41}},"82":{"start":{"line":148,"column":28},"end":{"line":148,"column":52}},"83":{"start":{"line":151,"column":6},"end":{"line":153,"column":7}},"84":{"start":{"line":152,"column":8},"end":{"line":152,"column":38}},"85":{"start":{"line":156,"column":23},"end":{"line":156,"column":45}},"86":{"start":{"line":157,"column":23},"end":{"line":157,"column":49}},"87":{"start":{"line":159,"column":6},"end":{"line":165,"column":7}},"88":{"start":{"line":160,"column":8},"end":{"line":160,"column":32}},"89":{"start":{"line":161,"column":8},"end":{"line":164,"column":9}},"90":{"start":{"line":162,"column":10},"end":{"line":162,"column":50}},"91":{"start":{"line":163,"column":10},"end":{"line":163,"column":63}},"92":{"start":{"line":168,"column":6},"end":{"line":185,"column":7}},"93":{"start":{"line":169,"column":8},"end":{"line":184,"column":9}},"94":{"start":{"line":171,"column":10},"end":{"line":177,"column":11}},"95":{"start":{"line":172,"column":12},"end":{"line":172,"column":80}},"96":{"start":{"line":173,"column":12},"end":{"line":176,"column":48}},"97":{"start":{"line":174,"column":14},"end":{"line":174,"column":74}},"98":{"start":{"line":175,"column":14},"end":{"line":175,"column":30}},"99":{"start":{"line":178,"column":15},"end":{"line":184,"column":9}},"100":{"start":{"line":180,"column":10},"end":{"line":183,"column":11}},"101":{"start":{"line":181,"column":12},"end":{"line":181,"column":52}},"102":{"start":{"line":182,"column":12},"end":{"line":182,"column":45}},"103":{"start":{"line":188,"column":6},"end":{"line":193,"column":7}},"104":{"start":{"line":189,"column":28},"end":{"line":189,"column":76}},"105":{"start":{"line":190,"column":8},"end":{"line":192,"column":9}},"106":{"start":{"line":191,"column":10},"end":{"line":191,"column":59}},"107":{"start":{"line":197,"column":24},"end":{"line":217,"column":3}},"108":{"start":{"line":198,"column":4},"end":{"line":216,"column":5}},"109":{"start":{"line":199,"column":6},"end":{"line":199,"column":38}},"110":{"start":{"line":200,"column":6},"end":{"line":200,"column":28}},"111":{"start":{"line":201,"column":6},"end":{"line":201,"column":31}},"112":{"start":{"line":202,"column":6},"end":{"line":202,"column":40}},"113":{"start":{"line":204,"column":6},"end":{"line":206,"column":7}},"114":{"start":{"line":205,"column":8},"end":{"line":205,"column":40}},"115":{"start":{"line":207,"column":6},"end":{"line":209,"column":7}},"116":{"start":{"line":208,"column":8},"end":{"line":208,"column":54}},"117":{"start":{"line":210,"column":6},"end":{"line":212,"column":7}},"118":{"start":{"line":211,"column":8},"end":{"line":211,"column":48}},"119":{"start":{"line":213,"column":6},"end":{"line":215,"column":7}},"120":{"start":{"line":214,"column":8},"end":{"line":214,"column":26}},"121":{"start":{"line":219,"column":21},"end":{"line":223,"column":3}},"122":{"start":{"line":220,"column":17},"end":{"line":220,"column":41}},"123":{"start":{"line":221,"column":17},"end":{"line":221,"column":29}},"124":{"start":{"line":222,"column":4},"end":{"line":222,"column":57}},"125":{"start":{"line":225,"column":2},"end":{"line":259,"column":4}}},"fnMap":{"0":{"name":"VoiceRecorder","decl":{"start":{"line":3,"column":9},"end":{"line":3,"column":22}},"loc":{"start":{"line":11,"column":3},"end":{"line":260,"column":1}},"line":11},"1":{"name":"(anonymous_1)","decl":{"start":{"line":25,"column":12},"end":{"line":25,"column":13}},"loc":{"start":{"line":25,"column":18},"end":{"line":29,"column":3}},"line":25},"2":{"name":"(anonymous_2)","decl":{"start":{"line":26,"column":11},"end":{"line":26,"column":12}},"loc":{"start":{"line":26,"column":17},"end":{"line":28,"column":5}},"line":26},"3":{"name":"(anonymous_3)","decl":{"start":{"line":31,"column":12},"end":{"line":31,"column":13}},"loc":{"start":{"line":31,"column":18},"end":{"line":35,"column":3}},"line":31},"4":{"name":"(anonymous_4)","decl":{"start":{"line":37,"column":18},"end":{"line":37,"column":19}},"loc":{"start":{"line":37,"column":24},"end":{"line":53,"column":3}},"line":37},"5":{"name":"(anonymous_5)","decl":{"start":{"line":48,"column":44},"end":{"line":48,"column":45}},"loc":{"start":{"line":48,"column":53},"end":{"line":48,"column":65}},"line":48},"6":{"name":"(anonymous_6)","decl":{"start":{"line":55,"column":25},"end":{"line":55,"column":26}},"loc":{"start":{"line":55,"column":37},"end":{"line":116,"column":3}},"line":55},"7":{"name":"(anonymous_7)","decl":{"start":{"line":80,"column":49},"end":{"line":80,"column":50}},"loc":{"start":{"line":80,"column":56},"end":{"line":84,"column":7}},"line":80},"8":{"name":"(anonymous_8)","decl":{"start":{"line":86,"column":40},"end":{"line":86,"column":41}},"loc":{"start":{"line":86,"column":46},"end":{"line":90,"column":7}},"line":86},"9":{"name":"(anonymous_9)","decl":{"start":{"line":100,"column":37},"end":{"line":100,"column":38}},"loc":{"start":{"line":100,"column":43},"end":{"line":102,"column":7}},"line":100},"10":{"name":"(anonymous_10)","decl":{"start":{"line":101,"column":25},"end":{"line":101,"column":26}},"loc":{"start":{"line":101,"column":33},"end":{"line":101,"column":41}},"line":101},"11":{"name":"(anonymous_11)","decl":{"start":{"line":105,"column":17},"end":{"line":105,"column":18}},"loc":{"start":{"line":105,"column":23},"end":{"line":107,"column":7}},"line":105},"12":{"name":"(anonymous_12)","decl":{"start":{"line":118,"column":23},"end":{"line":118,"column":24}},"loc":{"start":{"line":118,"column":38},"end":{"line":126,"column":3}},"line":118},"13":{"name":"(anonymous_13)","decl":{"start":{"line":128,"column":32},"end":{"line":128,"column":33}},"loc":{"start":{"line":128,"column":38},"end":{"line":195,"column":3}},"line":128},"14":{"name":"(anonymous_14)","decl":{"start":{"line":138,"column":49},"end":{"line":138,"column":50}},"loc":{"start":{"line":138,"column":55},"end":{"line":194,"column":5}},"line":138},"15":{"name":"(anonymous_15)","decl":{"start":{"line":173,"column":51},"end":{"line":173,"column":52}},"loc":{"start":{"line":173,"column":57},"end":{"line":176,"column":13}},"line":173},"16":{"name":"(anonymous_16)","decl":{"start":{"line":197,"column":24},"end":{"line":197,"column":25}},"loc":{"start":{"line":197,"column":30},"end":{"line":217,"column":3}},"line":197},"17":{"name":"(anonymous_17)","decl":{"start":{"line":219,"column":21},"end":{"line":219,"column":22}},"loc":{"start":{"line":219,"column":34},"end":{"line":223,"column":3}},"line":219}},"branchMap":{"0":{"loc":{"start":{"line":10,"column":2},"end":{"line":10,"column":19}},"type":"default-arg","locations":[{"start":{"line":10,"column":14},"end":{"line":10,"column":19}}],"line":10},"1":{"loc":{"start":{"line":32,"column":4},"end":{"line":34,"column":5}},"type":"if","locations":[{"start":{"line":32,"column":4},"end":{"line":34,"column":5}},{"start":{},"end":{}}],"line":32},"2":{"loc":{"start":{"line":32,"column":8},"end":{"line":32,"column":50}},"type":"binary-expr","locations":[{"start":{"line":32,"column":8},"end":{"line":32,"column":17}},{"start":{"line":32,"column":21},"end":{"line":32,"column":33}},{"start":{"line":32,"column":37},"end":{"line":32,"column":50}}],"line":32},"3":{"loc":{"start":{"line":38,"column":4},"end":{"line":40,"column":5}},"type":"if","locations":[{"start":{"line":38,"column":4},"end":{"line":40,"column":5}},{"start":{},"end":{}}],"line":38},"4":{"loc":{"start":{"line":41,"column":4},"end":{"line":43,"column":5}},"type":"if","locations":[{"start":{"line":41,"column":4},"end":{"line":43,"column":5}},{"start":{},"end":{}}],"line":41},"5":{"loc":{"start":{"line":44,"column":4},"end":{"line":46,"column":5}},"type":"if","locations":[{"start":{"line":44,"column":4},"end":{"line":46,"column":5}},{"start":{},"end":{}}],"line":44},"6":{"loc":{"start":{"line":47,"column":4},"end":{"line":49,"column":5}},"type":"if","locations":[{"start":{"line":47,"column":4},"end":{"line":49,"column":5}},{"start":{},"end":{}}],"line":47},"7":{"loc":{"start":{"line":50,"column":4},"end":{"line":52,"column":5}},"type":"if","locations":[{"start":{"line":50,"column":4},"end":{"line":52,"column":5}},{"start":{},"end":{}}],"line":50},"8":{"loc":{"start":{"line":50,"column":8},"end":{"line":50,"column":77}},"type":"binary-expr","locations":[{"start":{"line":50,"column":8},"end":{"line":50,"column":31}},{"start":{"line":50,"column":35},"end":{"line":50,"column":77}}],"line":50},"9":{"loc":{"start":{"line":69,"column":37},"end":{"line":69,"column":85}},"type":"binary-expr","locations":[{"start":{"line":69,"column":37},"end":{"line":69,"column":56}},{"start":{"line":69,"column":60},"end":{"line":69,"column":85}}],"line":69},"10":{"loc":{"start":{"line":81,"column":8},"end":{"line":83,"column":9}},"type":"if","locations":[{"start":{"line":81,"column":8},"end":{"line":83,"column":9}},{"start":{},"end":{}}],"line":81},"11":{"loc":{"start":{"line":129,"column":4},"end":{"line":129,"column":37}},"type":"if","locations":[{"start":{"line":129,"column":4},"end":{"line":129,"column":37}},{"start":{},"end":{}}],"line":129},"12":{"loc":{"start":{"line":139,"column":6},"end":{"line":139,"column":39}},"type":"if","locations":[{"start":{"line":139,"column":6},"end":{"line":139,"column":39}},{"start":{},"end":{}}],"line":139},"13":{"loc":{"start":{"line":151,"column":6},"end":{"line":153,"column":7}},"type":"if","locations":[{"start":{"line":151,"column":6},"end":{"line":153,"column":7}},{"start":{},"end":{}}],"line":151},"14":{"loc":{"start":{"line":159,"column":6},"end":{"line":165,"column":7}},"type":"if","locations":[{"start":{"line":159,"column":6},"end":{"line":165,"column":7}},{"start":{},"end":{}}],"line":159},"15":{"loc":{"start":{"line":161,"column":8},"end":{"line":164,"column":9}},"type":"if","locations":[{"start":{"line":161,"column":8},"end":{"line":164,"column":9}},{"start":{},"end":{}}],"line":161},"16":{"loc":{"start":{"line":168,"column":6},"end":{"line":185,"column":7}},"type":"if","locations":[{"start":{"line":168,"column":6},"end":{"line":185,"column":7}},{"start":{},"end":{}}],"line":168},"17":{"loc":{"start":{"line":168,"column":10},"end":{"line":168,"column":67}},"type":"binary-expr","locations":[{"start":{"line":168,"column":10},"end":{"line":168,"column":37}},{"start":{"line":168,"column":41},"end":{"line":168,"column":67}}],"line":168},"18":{"loc":{"start":{"line":169,"column":8},"end":{"line":184,"column":9}},"type":"if","locations":[{"start":{"line":169,"column":8},"end":{"line":184,"column":9}},{"start":{"line":178,"column":15},"end":{"line":184,"column":9}}],"line":169},"19":{"loc":{"start":{"line":169,"column":12},"end":{"line":169,"column":33}},"type":"binary-expr","locations":[{"start":{"line":169,"column":12},"end":{"line":169,"column":21}},{"start":{"line":169,"column":25},"end":{"line":169,"column":33}}],"line":169},"20":{"loc":{"start":{"line":171,"column":10},"end":{"line":177,"column":11}},"type":"if","locations":[{"start":{"line":171,"column":10},"end":{"line":177,"column":11}},{"start":{},"end":{}}],"line":171},"21":{"loc":{"start":{"line":178,"column":15},"end":{"line":184,"column":9}},"type":"if","locations":[{"start":{"line":178,"column":15},"end":{"line":184,"column":9}},{"start":{},"end":{}}],"line":178},"22":{"loc":{"start":{"line":180,"column":10},"end":{"line":183,"column":11}},"type":"if","locations":[{"start":{"line":180,"column":10},"end":{"line":183,"column":11}},{"start":{},"end":{}}],"line":180},"23":{"loc":{"start":{"line":188,"column":6},"end":{"line":193,"column":7}},"type":"if","locations":[{"start":{"line":188,"column":6},"end":{"line":193,"column":7}},{"start":{},"end":{}}],"line":188},"24":{"loc":{"start":{"line":188,"column":10},"end":{"line":188,"column":68}},"type":"binary-expr","locations":[{"start":{"line":188,"column":10},"end":{"line":188,"column":37}},{"start":{"line":188,"column":41},"end":{"line":188,"column":68}}],"line":188},"25":{"loc":{"start":{"line":190,"column":8},"end":{"line":192,"column":9}},"type":"if","locations":[{"start":{"line":190,"column":8},"end":{"line":192,"column":9}},{"start":{},"end":{}}],"line":190},"26":{"loc":{"start":{"line":198,"column":4},"end":{"line":216,"column":5}},"type":"if","locations":[{"start":{"line":198,"column":4},"end":{"line":216,"column":5}},{"start":{},"end":{}}],"line":198},"27":{"loc":{"start":{"line":198,"column":8},"end":{"line":198,"column":81}},"type":"binary-expr","locations":[{"start":{"line":198,"column":8},"end":{"line":198,"column":32}},{"start":{"line":198,"column":36},"end":{"line":198,"column":81}}],"line":198},"28":{"loc":{"start":{"line":204,"column":6},"end":{"line":206,"column":7}},"type":"if","locations":[{"start":{"line":204,"column":6},"end":{"line":206,"column":7}},{"start":{},"end":{}}],"line":204},"29":{"loc":{"start":{"line":207,"column":6},"end":{"line":209,"column":7}},"type":"if","locations":[{"start":{"line":207,"column":6},"end":{"line":209,"column":7}},{"start":{},"end":{}}],"line":207},"30":{"loc":{"start":{"line":210,"column":6},"end":{"line":212,"column":7}},"type":"if","locations":[{"start":{"line":210,"column":6},"end":{"line":212,"column":7}},{"start":{},"end":{}}],"line":210},"31":{"loc":{"start":{"line":213,"column":6},"end":{"line":215,"column":7}},"type":"if","locations":[{"start":{"line":213,"column":6},"end":{"line":215,"column":7}},{"start":{},"end":{}}],"line":213},"32":{"loc":{"start":{"line":227,"column":7},"end":{"line":233,"column":7}},"type":"binary-expr","locations":[{"start":{"line":227,"column":7},"end":{"line":227,"column":18}},{"start":{"line":228,"column":8},"end":{"line":232,"column":14}}],"line":227},"33":{"loc":{"start":{"line":230,"column":11},"end":{"line":230,"column":84}},"type":"binary-expr","locations":[{"start":{"line":230,"column":11},"end":{"line":230,"column":25}},{"start":{"line":230,"column":29},"end":{"line":230,"column":84}}],"line":230},"34":{"loc":{"start":{"line":231,"column":11},"end":{"line":231,"column":92}},"type":"binary-expr","locations":[{"start":{"line":231,"column":11},"end":{"line":231,"column":26}},{"start":{"line":231,"column":30},"end":{"line":231,"column":92}}],"line":231},"35":{"loc":{"start":{"line":235,"column":7},"end":{"line":239,"column":7}},"type":"binary-expr","locations":[{"start":{"line":235,"column":7},"end":{"line":235,"column":19}},{"start":{"line":236,"column":8},"end":{"line":238,"column":14}}],"line":235},"36":{"loc":{"start":{"line":242,"column":36},"end":{"line":242,"column":66}},"type":"cond-expr","locations":[{"start":{"line":242,"column":50},"end":{"line":242,"column":61}},{"start":{"line":242,"column":64},"end":{"line":242,"column":66}}],"line":242},"37":{"loc":{"start":{"line":243,"column":17},"end":{"line":243,"column":61}},"type":"cond-expr","locations":[{"start":{"line":243,"column":31},"end":{"line":243,"column":44}},{"start":{"line":243,"column":47},"end":{"line":243,"column":61}}],"line":243},"38":{"loc":{"start":{"line":246,"column":9},"end":{"line":256,"column":9}},"type":"cond-expr","locations":[{"start":{"line":247,"column":10},"end":{"line":250,"column":13}},{"start":{"line":252,"column":10},"end":{"line":255,"column":13}}],"line":246}},"s":{"0":0,"1":0,"2":0,"3":0,"4":0,"5":0,"6":0,"7":0,"8":0,"9":0,"10":0,"11":0,"12":0,"13":0,"14":0,"15":0,"16":0,"17":0,"18":0,"19":0,"20":0,"21":0,"22":0,"23":0,"24":0,"25":0,"26":0,"27":0,"28":0,"29":0,"30":0,"31":0,"32":0,"33":0,"34":0,"35":0,"36":0,"37":0,"38":0,"39":0,"40":0,"41":0,"42":0,"43":0,"44":0,"45":0,"46":0,"47":0,"48":0,"49":0,"50":0,"51":0,"52":0,"53":0,"54":0,"55":0,"56":0,"57":0,"58":0,"59":0,"60":0,"61":0,"62":0,"63":0,"64":0,"65":0,"66":0,"67":0,"68":0,"69":0,"70":0,"71":0,"72":0,"73":0,"74":0,"75":0,"76":0,"77":0,"78":0,"79":0,"80":0,"81":0,"82":0,"83":0,"84":0,"85":0,"86":0,"87":0,"88":0,"89":0,"90":0,"91":0,"92":0,"93":0,"94":0,"95":0,"96":0,"97":0,"98":0,"99":0,"100":0,"101":0,"102":0,"103":0,"104":0,"105":0,"106":0,"107":0,"108":0,"109":0,"110":0,"111":0,"112":0,"113":0,"114":0,"115":0,"116":0,"117":0,"118":0,"119":0,"120":0,"121":0,"122":0,"123":0,"124":0,"125":0},"f":{"0":0,"1":0,"2":0,"3":0,"4":0,"5":0,"6":0,"7":0,"8":0,"9":0,"10":0,"11":0,"12":0,"13":0,"14":0,"15":0,"16":0,"17":0},"b":{"0":[0],"1":[0,0],"2":[0,0,0],"3":[0,0],"4":[0,0],"5":[0,0],"6":[0,0],"7":[0,0],"8":[0,0],"9":[0,0],"10":[0,0],"11":[0,0],"12":[0,0],"13":[0,0],"14":[0,0],"15":[0,0],"16":[0,0],"17":[0,0],"18":[0,0],"19":[0,0],"20":[0,0],"21":[0,0],"22":[0,0],"23":[0,0],"24":[0,0],"25":[0,0],"26":[0,0],"27":[0,0],"28":[0,0],"29":[0,0],"30":[0,0],"31":[0,0],"32":[0,0],"33":[0,0],"34":[0,0],"35":[0,0],"36":[0,0],"37":[0,0],"38":[0,0]}}
,"/home/wandeon/voice-chat-app/frontend/src/context/ConversationContext.js": {"path":"/home/wandeon/voice-chat-app/frontend/src/context/ConversationContext.js","statementMap":{"0":{"start":{"line":5,"column":28},"end":{"line":5,"column":52}},"1":{"start":{"line":8,"column":36},"end":{"line":24,"column":1}},"2":{"start":{"line":9,"column":28},"end":{"line":9,"column":73}},"3":{"start":{"line":11,"column":16},"end":{"line":17,"column":3}},"4":{"start":{"line":12,"column":11},"end":{"line":15,"column":5}},"5":{"start":{"line":19,"column":2},"end":{"line":23,"column":4}},"6":{"start":{"line":27,"column":31},"end":{"line":35,"column":1}},"7":{"start":{"line":28,"column":18},"end":{"line":28,"column":49}},"8":{"start":{"line":30,"column":2},"end":{"line":32,"column":3}},"9":{"start":{"line":31,"column":4},"end":{"line":31,"column":82}},"10":{"start":{"line":34,"column":2},"end":{"line":34,"column":17}}},"fnMap":{"0":{"name":"(anonymous_0)","decl":{"start":{"line":8,"column":36},"end":{"line":8,"column":37}},"loc":{"start":{"line":8,"column":54},"end":{"line":24,"column":1}},"line":8},"1":{"name":"(anonymous_1)","decl":{"start":{"line":12,"column":4},"end":{"line":12,"column":5}},"loc":{"start":{"line":12,"column":11},"end":{"line":15,"column":5}},"line":12},"2":{"name":"(anonymous_2)","decl":{"start":{"line":27,"column":31},"end":{"line":27,"column":32}},"loc":{"start":{"line":27,"column":37},"end":{"line":35,"column":1}},"line":27}},"branchMap":{"0":{"loc":{"start":{"line":30,"column":2},"end":{"line":32,"column":3}},"type":"if","locations":[{"start":{"line":30,"column":2},"end":{"line":32,"column":3}},{"start":{},"end":{}}],"line":30}},"s":{"0":0,"1":0,"2":0,"3":0,"4":0,"5":0,"6":0,"7":0,"8":0,"9":0,"10":0},"f":{"0":0,"1":0,"2":0},"b":{"0":[0,0]}}
,"/home/wandeon/voice-chat-app/frontend/src/context/conversationReducer.js": {"path":"/home/wandeon/voice-chat-app/frontend/src/context/conversationReducer.js","statementMap":{"0":{"start":{"line":15,"column":28},"end":{"line":25,"column":1}},"1":{"start":{"line":28,"column":28},"end":{"line":42,"column":1}},"2":{"start":{"line":45,"column":28},"end":{"line":131,"column":1}},"3":{"start":{"line":46,"column":2},"end":{"line":130,"column":3}},"4":{"start":{"line":48,"column":6},"end":{"line":51,"column":8}},"5":{"start":{"line":54,"column":6},"end":{"line":57,"column":8}},"6":{"start":{"line":60,"column":6},"end":{"line":63,"column":8}},"7":{"start":{"line":66,"column":6},"end":{"line":69,"column":8}},"8":{"start":{"line":72,"column":6},"end":{"line":75,"column":8}},"9":{"start":{"line":78,"column":6},"end":{"line":81,"column":8}},"10":{"start":{"line":84,"column":6},"end":{"line":87,"column":8}},"11":{"start":{"line":90,"column":6},"end":{"line":94,"column":8}},"12":{"start":{"line":97,"column":6},"end":{"line":100,"column":8}},"13":{"start":{"line":103,"column":6},"end":{"line":106,"column":8}},"14":{"start":{"line":109,"column":6},"end":{"line":112,"column":8}},"15":{"start":{"line":115,"column":6},"end":{"line":120,"column":8}},"16":{"start":{"line":123,"column":6},"end":{"line":126,"column":8}},"17":{"start":{"line":129,"column":6},"end":{"line":129,"column":19}},"18":{"start":{"line":134,"column":21},"end":{"line":134,"column":82}},"19":{"start":{"line":137,"column":23},"end":{"line":209,"column":1}},"20":{"start":{"line":139,"column":4},"end":{"line":141,"column":5}},"21":{"start":{"line":140,"column":6},"end":{"line":140,"column":92}},"22":{"start":{"line":142,"column":4},"end":{"line":145,"column":6}},"23":{"start":{"line":149,"column":4},"end":{"line":151,"column":5}},"24":{"start":{"line":150,"column":6},"end":{"line":150,"column":92}},"25":{"start":{"line":152,"column":4},"end":{"line":155,"column":6}},"26":{"start":{"line":158,"column":44},"end":{"line":161,"column":3}},"27":{"start":{"line":163,"column":43},"end":{"line":166,"column":3}},"28":{"start":{"line":168,"column":38},"end":{"line":171,"column":3}},"29":{"start":{"line":173,"column":32},"end":{"line":176,"column":3}},"30":{"start":{"line":178,"column":34},"end":{"line":181,"column":3}},"31":{"start":{"line":183,"column":28},"end":{"line":185,"column":3}},"32":{"start":{"line":187,"column":24},"end":{"line":190,"column":3}},"33":{"start":{"line":192,"column":21},"end":{"line":194,"column":3}},"34":{"start":{"line":196,"column":28},"end":{"line":199,"column":3}},"35":{"start":{"line":201,"column":33},"end":{"line":204,"column":3}},"36":{"start":{"line":206,"column":26},"end":{"line":208,"column":3}}},"fnMap":{"0":{"name":"(anonymous_0)","decl":{"start":{"line":45,"column":28},"end":{"line":45,"column":29}},"loc":{"start":{"line":45,"column":47},"end":{"line":131,"column":1}},"line":45},"1":{"name":"(anonymous_1)","decl":{"start":{"line":138,"column":12},"end":{"line":138,"column":13}},"loc":{"start":{"line":138,"column":23},"end":{"line":146,"column":3}},"line":138},"2":{"name":"(anonymous_2)","decl":{"start":{"line":148,"column":14},"end":{"line":148,"column":15}},"loc":{"start":{"line":148,"column":27},"end":{"line":156,"column":3}},"line":148},"3":{"name":"(anonymous_3)","decl":{"start":{"line":158,"column":27},"end":{"line":158,"column":28}},"loc":{"start":{"line":158,"column":44},"end":{"line":161,"column":3}},"line":158},"4":{"name":"(anonymous_4)","decl":{"start":{"line":163,"column":28},"end":{"line":163,"column":29}},"loc":{"start":{"line":163,"column":43},"end":{"line":166,"column":3}},"line":163},"5":{"name":"(anonymous_5)","decl":{"start":{"line":168,"column":18},"end":{"line":168,"column":19}},"loc":{"start":{"line":168,"column":38},"end":{"line":171,"column":3}},"line":168},"6":{"name":"(anonymous_6)","decl":{"start":{"line":173,"column":16},"end":{"line":173,"column":17}},"loc":{"start":{"line":173,"column":32},"end":{"line":176,"column":3}},"line":173},"7":{"name":"(anonymous_7)","decl":{"start":{"line":178,"column":16},"end":{"line":178,"column":17}},"loc":{"start":{"line":178,"column":34},"end":{"line":181,"column":3}},"line":178},"8":{"name":"(anonymous_8)","decl":{"start":{"line":183,"column":21},"end":{"line":183,"column":22}},"loc":{"start":{"line":183,"column":28},"end":{"line":185,"column":3}},"line":183},"9":{"name":"(anonymous_9)","decl":{"start":{"line":187,"column":12},"end":{"line":187,"column":13}},"loc":{"start":{"line":187,"column":24},"end":{"line":190,"column":3}},"line":187},"10":{"name":"(anonymous_10)","decl":{"start":{"line":192,"column":14},"end":{"line":192,"column":15}},"loc":{"start":{"line":192,"column":21},"end":{"line":194,"column":3}},"line":192},"11":{"name":"(anonymous_11)","decl":{"start":{"line":196,"column":17},"end":{"line":196,"column":18}},"loc":{"start":{"line":196,"column":28},"end":{"line":199,"column":3}},"line":196},"12":{"name":"(anonymous_12)","decl":{"start":{"line":201,"column":20},"end":{"line":201,"column":21}},"loc":{"start":{"line":201,"column":33},"end":{"line":204,"column":3}},"line":201},"13":{"name":"(anonymous_13)","decl":{"start":{"line":206,"column":19},"end":{"line":206,"column":20}},"loc":{"start":{"line":206,"column":26},"end":{"line":208,"column":3}},"line":206}},"branchMap":{"0":{"loc":{"start":{"line":46,"column":2},"end":{"line":130,"column":3}},"type":"switch","locations":[{"start":{"line":47,"column":4},"end":{"line":51,"column":8}},{"start":{"line":53,"column":4},"end":{"line":57,"column":8}},{"start":{"line":59,"column":4},"end":{"line":63,"column":8}},{"start":{"line":65,"column":4},"end":{"line":69,"column":8}},{"start":{"line":71,"column":4},"end":{"line":75,"column":8}},{"start":{"line":77,"column":4},"end":{"line":81,"column":8}},{"start":{"line":83,"column":4},"end":{"line":87,"column":8}},{"start":{"line":89,"column":4},"end":{"line":94,"column":8}},{"start":{"line":96,"column":4},"end":{"line":100,"column":8}},{"start":{"line":102,"column":4},"end":{"line":106,"column":8}},{"start":{"line":108,"column":4},"end":{"line":112,"column":8}},{"start":{"line":114,"column":4},"end":{"line":120,"column":8}},{"start":{"line":122,"column":4},"end":{"line":126,"column":8}},{"start":{"line":128,"column":4},"end":{"line":129,"column":19}}],"line":46},"1":{"loc":{"start":{"line":117,"column":20},"end":{"line":119,"column":16}},"type":"cond-expr","locations":[{"start":{"line":118,"column":12},"end":{"line":118,"column":59}},{"start":{"line":119,"column":12},"end":{"line":119,"column":16}}],"line":117},"2":{"loc":{"start":{"line":139,"column":4},"end":{"line":141,"column":5}},"type":"if","locations":[{"start":{"line":139,"column":4},"end":{"line":141,"column":5}},{"start":{},"end":{}}],"line":139},"3":{"loc":{"start":{"line":149,"column":4},"end":{"line":151,"column":5}},"type":"if","locations":[{"start":{"line":149,"column":4},"end":{"line":151,"column":5}},{"start":{},"end":{}}],"line":149},"4":{"loc":{"start":{"line":149,"column":8},"end":{"line":149,"column":56}},"type":"binary-expr","locations":[{"start":{"line":149,"column":8},"end":{"line":149,"column":19}},{"start":{"line":149,"column":23},"end":{"line":149,"column":36}},{"start":{"line":149,"column":40},"end":{"line":149,"column":56}}],"line":149}},"s":{"0":0,"1":0,"2":0,"3":0,"4":0,"5":0,"6":0,"7":0,"8":0,"9":0,"10":0,"11":0,"12":0,"13":0,"14":0,"15":0,"16":0,"17":0,"18":0,"19":0,"20":0,"21":0,"22":0,"23":0,"24":0,"25":0,"26":0,"27":0,"28":0,"29":0,"30":0,"31":0,"32":0,"33":0,"34":0,"35":0,"36":0},"f":{"0":0,"1":0,"2":0,"3":0,"4":0,"5":0,"6":0,"7":0,"8":0,"9":0,"10":0,"11":0,"12":0,"13":0},"b":{"0":[0,0,0,0,0,0,0,0,0,0,0,0,0,0],"1":[0,0],"2":[0,0],"3":[0,0],"4":[0,0,0]}}
,"/home/wandeon/voice-chat-app/frontend/src/hooks/useAudioRecorder.js": {"path":"/home/wandeon/voice-chat-app/frontend/src/hooks/useAudioRecorder.js","statementMap":{"0":{"start":{"line":8,"column":25},"end":{"line":146,"column":1}},"1":{"start":{"line":9,"column":40},"end":{"line":9,"column":55}},"2":{"start":{"line":10,"column":44},"end":{"line":10,"column":58}},"3":{"start":{"line":11,"column":48},"end":{"line":11,"column":62}},"4":{"start":{"line":13,"column":25},"end":{"line":13,"column":37}},"5":{"start":{"line":14,"column":27},"end":{"line":14,"column":39}},"6":{"start":{"line":15,"column":28},"end":{"line":15,"column":50}},"7":{"start":{"line":18,"column":2},"end":{"line":20,"column":23}},"8":{"start":{"line":19,"column":4},"end":{"line":19,"column":47}},"9":{"start":{"line":23,"column":2},"end":{"line":63,"column":9}},"10":{"start":{"line":24,"column":30},"end":{"line":50,"column":5}},"11":{"start":{"line":26,"column":6},"end":{"line":30,"column":7}},"12":{"start":{"line":27,"column":8},"end":{"line":27,"column":32}},"13":{"start":{"line":28,"column":8},"end":{"line":28,"column":82}},"14":{"start":{"line":29,"column":8},"end":{"line":29,"column":15}},"15":{"start":{"line":32,"column":6},"end":{"line":49,"column":7}},"16":{"start":{"line":33,"column":23},"end":{"line":33,"column":81}},"17":{"start":{"line":34,"column":8},"end":{"line":34,"column":40}},"18":{"start":{"line":35,"column":8},"end":{"line":35,"column":31}},"19":{"start":{"line":36,"column":8},"end":{"line":36,"column":33}},"20":{"start":{"line":38,"column":8},"end":{"line":38,"column":72}},"21":{"start":{"line":39,"column":8},"end":{"line":39,"column":32}},"22":{"start":{"line":42,"column":8},"end":{"line":48,"column":9}},"23":{"start":{"line":43,"column":10},"end":{"line":43,"column":101}},"24":{"start":{"line":44,"column":15},"end":{"line":48,"column":9}},"25":{"start":{"line":45,"column":10},"end":{"line":45,"column":82}},"26":{"start":{"line":47,"column":10},"end":{"line":47,"column":78}},"27":{"start":{"line":52,"column":4},"end":{"line":52,"column":24}},"28":{"start":{"line":55,"column":4},"end":{"line":62,"column":6}},"29":{"start":{"line":56,"column":6},"end":{"line":58,"column":7}},"30":{"start":{"line":57,"column":8},"end":{"line":57,"column":40}},"31":{"start":{"line":59,"column":6},"end":{"line":61,"column":7}},"32":{"start":{"line":60,"column":8},"end":{"line":60,"column":76}},"33":{"start":{"line":60,"column":62},"end":{"line":60,"column":74}},"34":{"start":{"line":66,"column":23},"end":{"line":73,"column":3}},"35":{"start":{"line":67,"column":4},"end":{"line":72,"column":7}},"36":{"start":{"line":68,"column":21},"end":{"line":68,"column":37}},"37":{"start":{"line":69,"column":6},"end":{"line":69,"column":51}},"38":{"start":{"line":69,"column":28},"end":{"line":69,"column":50}},"39":{"start":{"line":70,"column":6},"end":{"line":70,"column":30}},"40":{"start":{"line":71,"column":6},"end":{"line":71,"column":33}},"41":{"start":{"line":76,"column":25},"end":{"line":130,"column":21}},"42":{"start":{"line":77,"column":4},"end":{"line":80,"column":5}},"43":{"start":{"line":78,"column":6},"end":{"line":78,"column":93}},"44":{"start":{"line":79,"column":6},"end":{"line":79,"column":13}},"45":{"start":{"line":82,"column":4},"end":{"line":129,"column":5}},"46":{"start":{"line":84,"column":21},"end":{"line":84,"column":33}},"47":{"start":{"line":85,"column":6},"end":{"line":91,"column":7}},"48":{"start":{"line":86,"column":8},"end":{"line":86,"column":31}},"49":{"start":{"line":87,"column":8},"end":{"line":90,"column":9}},"50":{"start":{"line":88,"column":10},"end":{"line":88,"column":87}},"51":{"start":{"line":89,"column":10},"end":{"line":89,"column":31}},"52":{"start":{"line":93,"column":22},"end":{"line":93,"column":50}},"53":{"start":{"line":94,"column":28},"end":{"line":94,"column":78}},"54":{"start":{"line":95,"column":6},"end":{"line":95,"column":47}},"55":{"start":{"line":98,"column":6},"end":{"line":107,"column":8}},"56":{"start":{"line":99,"column":8},"end":{"line":106,"column":9}},"57":{"start":{"line":100,"column":10},"end":{"line":105,"column":11}},"58":{"start":{"line":101,"column":31},"end":{"line":101,"column":61}},"59":{"start":{"line":102,"column":12},"end":{"line":102,"column":50}},"60":{"start":{"line":104,"column":12},"end":{"line":104,"column":76}},"61":{"start":{"line":110,"column":6},"end":{"line":112,"column":8}},"62":{"start":{"line":111,"column":8},"end":{"line":111,"column":29}},"63":{"start":{"line":115,"column":6},"end":{"line":117,"column":8}},"64":{"start":{"line":116,"column":8},"end":{"line":116,"column":30}},"65":{"start":{"line":120,"column":6},"end":{"line":123,"column":8}},"66":{"start":{"line":121,"column":8},"end":{"line":121,"column":53}},"67":{"start":{"line":122,"column":8},"end":{"line":122,"column":30}},"68":{"start":{"line":126,"column":6},"end":{"line":126,"column":31}},"69":{"start":{"line":128,"column":6},"end":{"line":128,"column":56}},"70":{"start":{"line":133,"column":24},"end":{"line":137,"column":8}},"71":{"start":{"line":134,"column":4},"end":{"line":136,"column":5}},"72":{"start":{"line":135,"column":6},"end":{"line":135,"column":38}},"73":{"start":{"line":139,"column":2},"end":{"line":145,"column":4}}},"fnMap":{"0":{"name":"(anonymous_0)","decl":{"start":{"line":8,"column":25},"end":{"line":8,"column":26}},"loc":{"start":{"line":8,"column":45},"end":{"line":146,"column":1}},"line":8},"1":{"name":"(anonymous_1)","decl":{"start":{"line":18,"column":12},"end":{"line":18,"column":13}},"loc":{"start":{"line":18,"column":18},"end":{"line":20,"column":3}},"line":18},"2":{"name":"(anonymous_2)","decl":{"start":{"line":23,"column":12},"end":{"line":23,"column":13}},"loc":{"start":{"line":23,"column":18},"end":{"line":63,"column":3}},"line":23},"3":{"name":"(anonymous_3)","decl":{"start":{"line":24,"column":30},"end":{"line":24,"column":31}},"loc":{"start":{"line":24,"column":42},"end":{"line":50,"column":5}},"line":24},"4":{"name":"(anonymous_4)","decl":{"start":{"line":55,"column":11},"end":{"line":55,"column":12}},"loc":{"start":{"line":55,"column":17},"end":{"line":62,"column":5}},"line":55},"5":{"name":"(anonymous_5)","decl":{"start":{"line":60,"column":51},"end":{"line":60,"column":52}},"loc":{"start":{"line":60,"column":62},"end":{"line":60,"column":74}},"line":60},"6":{"name":"(anonymous_6)","decl":{"start":{"line":66,"column":23},"end":{"line":66,"column":24}},"loc":{"start":{"line":66,"column":33},"end":{"line":73,"column":3}},"line":66},"7":{"name":"(anonymous_7)","decl":{"start":{"line":67,"column":23},"end":{"line":67,"column":24}},"loc":{"start":{"line":67,"column":44},"end":{"line":72,"column":5}},"line":67},"8":{"name":"(anonymous_8)","decl":{"start":{"line":69,"column":22},"end":{"line":69,"column":23}},"loc":{"start":{"line":69,"column":28},"end":{"line":69,"column":50}},"line":69},"9":{"name":"(anonymous_9)","decl":{"start":{"line":76,"column":37},"end":{"line":76,"column":38}},"loc":{"start":{"line":76,"column":43},"end":{"line":130,"column":3}},"line":76},"10":{"name":"(anonymous_10)","decl":{"start":{"line":98,"column":38},"end":{"line":98,"column":39}},"loc":{"start":{"line":98,"column":55},"end":{"line":107,"column":7}},"line":98},"11":{"name":"(anonymous_11)","decl":{"start":{"line":110,"column":30},"end":{"line":110,"column":31}},"loc":{"start":{"line":110,"column":36},"end":{"line":112,"column":7}},"line":110},"12":{"name":"(anonymous_12)","decl":{"start":{"line":115,"column":29},"end":{"line":115,"column":30}},"loc":{"start":{"line":115,"column":35},"end":{"line":117,"column":7}},"line":115},"13":{"name":"(anonymous_13)","decl":{"start":{"line":120,"column":30},"end":{"line":120,"column":31}},"loc":{"start":{"line":120,"column":41},"end":{"line":123,"column":7}},"line":120},"14":{"name":"(anonymous_14)","decl":{"start":{"line":133,"column":36},"end":{"line":133,"column":37}},"loc":{"start":{"line":133,"column":42},"end":{"line":137,"column":3}},"line":133}},"branchMap":{"0":{"loc":{"start":{"line":26,"column":6},"end":{"line":30,"column":7}},"type":"if","locations":[{"start":{"line":26,"column":6},"end":{"line":30,"column":7}},{"start":{},"end":{}}],"line":26},"1":{"loc":{"start":{"line":42,"column":8},"end":{"line":48,"column":9}},"type":"if","locations":[{"start":{"line":42,"column":8},"end":{"line":48,"column":9}},{"start":{"line":44,"column":15},"end":{"line":48,"column":9}}],"line":42},"2":{"loc":{"start":{"line":44,"column":15},"end":{"line":48,"column":9}},"type":"if","locations":[{"start":{"line":44,"column":15},"end":{"line":48,"column":9}},{"start":{"line":46,"column":15},"end":{"line":48,"column":9}}],"line":44},"3":{"loc":{"start":{"line":47,"column":29},"end":{"line":47,"column":76}},"type":"binary-expr","locations":[{"start":{"line":47,"column":29},"end":{"line":47,"column":42}},{"start":{"line":47,"column":46},"end":{"line":47,"column":76}}],"line":47},"4":{"loc":{"start":{"line":56,"column":6},"end":{"line":58,"column":7}},"type":"if","locations":[{"start":{"line":56,"column":6},"end":{"line":58,"column":7}},{"start":{},"end":{}}],"line":56},"5":{"loc":{"start":{"line":56,"column":10},"end":{"line":56,"column":83}},"type":"binary-expr","locations":[{"start":{"line":56,"column":10},"end":{"line":56,"column":34}},{"start":{"line":56,"column":38},"end":{"line":56,"column":83}}],"line":56},"6":{"loc":{"start":{"line":59,"column":6},"end":{"line":61,"column":7}},"type":"if","locations":[{"start":{"line":59,"column":6},"end":{"line":61,"column":7}},{"start":{},"end":{}}],"line":59},"7":{"loc":{"start":{"line":77,"column":4},"end":{"line":80,"column":5}},"type":"if","locations":[{"start":{"line":77,"column":4},"end":{"line":80,"column":5}},{"start":{},"end":{}}],"line":77},"8":{"loc":{"start":{"line":77,"column":8},"end":{"line":77,"column":49}},"type":"binary-expr","locations":[{"start":{"line":77,"column":8},"end":{"line":77,"column":22}},{"start":{"line":77,"column":26},"end":{"line":77,"column":49}}],"line":77},"9":{"loc":{"start":{"line":85,"column":6},"end":{"line":91,"column":7}},"type":"if","locations":[{"start":{"line":85,"column":6},"end":{"line":91,"column":7}},{"start":{},"end":{}}],"line":85},"10":{"loc":{"start":{"line":87,"column":8},"end":{"line":90,"column":9}},"type":"if","locations":[{"start":{"line":87,"column":8},"end":{"line":90,"column":9}},{"start":{},"end":{}}],"line":87},"11":{"loc":{"start":{"line":93,"column":22},"end":{"line":93,"column":50}},"type":"cond-expr","locations":[{"start":{"line":93,"column":33},"end":{"line":93,"column":45}},{"start":{"line":93,"column":48},"end":{"line":93,"column":50}}],"line":93},"12":{"loc":{"start":{"line":99,"column":8},"end":{"line":106,"column":9}},"type":"if","locations":[{"start":{"line":99,"column":8},"end":{"line":106,"column":9}},{"start":{},"end":{}}],"line":99},"13":{"loc":{"start":{"line":99,"column":12},"end":{"line":99,"column":45}},"type":"binary-expr","locations":[{"start":{"line":99,"column":12},"end":{"line":99,"column":22}},{"start":{"line":99,"column":26},"end":{"line":99,"column":45}}],"line":99},"14":{"loc":{"start":{"line":134,"column":4},"end":{"line":136,"column":5}},"type":"if","locations":[{"start":{"line":134,"column":4},"end":{"line":136,"column":5}},{"start":{},"end":{}}],"line":134},"15":{"loc":{"start":{"line":134,"column":8},"end":{"line":134,"column":81}},"type":"binary-expr","locations":[{"start":{"line":134,"column":8},"end":{"line":134,"column":32}},{"start":{"line":134,"column":36},"end":{"line":134,"column":81}}],"line":134}},"s":{"0":2,"1":49,"2":49,"3":49,"4":49,"5":49,"6":49,"7":49,"8":19,"9":49,"10":19,"11":19,"12":1,"13":1,"14":1,"15":18,"16":18,"17":14,"18":14,"19":14,"20":4,"21":4,"22":4,"23":1,"24":3,"25":1,"26":2,"27":19,"28":19,"29":19,"30":9,"31":19,"32":14,"33":14,"34":49,"35":6,"36":6,"37":6,"38":4,"39":6,"40":6,"41":49,"42":12,"43":1,"44":1,"45":11,"46":11,"47":11,"48":1,"49":1,"50":0,"51":0,"52":11,"53":11,"54":11,"55":11,"56":6,"57":6,"58":6,"59":4,"60":2,"61":11,"62":11,"63":11,"64":11,"65":11,"66":0,"67":0,"68":11,"69":0,"70":49,"71":2,"72":2,"73":49},"f":{"0":49,"1":19,"2":19,"3":19,"4":19,"5":14,"6":6,"7":6,"8":4,"9":12,"10":6,"11":11,"12":11,"13":0,"14":2},"b":{"0":[1,18],"1":[1,3],"2":[1,2],"3":[2,0],"4":[9,10],"5":[19,11],"6":[14,5],"7":[1,11],"8":[12,11],"9":[1,10],"10":[0,1],"11":[11,0],"12":[6,0],"13":[6,6],"14":[2,0],"15":[2,2]},"_coverageSchema":"1a1c01bbd47fc00a2c39e90264f33305004495a9","hash":"ceebc5da40f7211a90dc61cd1c4e97b84bcf638d"}
,"/home/wandeon/voice-chat-app/frontend/src/hooks/useWebSocket.js": {"path":"/home/wandeon/voice-chat-app/frontend/src/hooks/useWebSocket.js","statementMap":{"0":{"start":{"line":9,"column":21},"end":{"line":96,"column":1}},"1":{"start":{"line":10,"column":40},"end":{"line":10,"column":55}},"2":{"start":{"line":11,"column":16},"end":{"line":11,"column":28}},"3":{"start":{"line":12,"column":30},"end":{"line":12,"column":42}},"4":{"start":{"line":13,"column":28},"end":{"line":13,"column":37}},"5":{"start":{"line":14,"column":29},"end":{"line":14,"column":41}},"6":{"start":{"line":15,"column":23},"end":{"line":15,"column":40}},"7":{"start":{"line":18,"column":2},"end":{"line":20,"column":18}},"8":{"start":{"line":19,"column":4},"end":{"line":19,"column":37}},"9":{"start":{"line":22,"column":18},"end":{"line":66,"column":11}},"10":{"start":{"line":23,"column":4},"end":{"line":65,"column":5}},"11":{"start":{"line":24,"column":6},"end":{"line":24,"column":51}},"12":{"start":{"line":25,"column":17},"end":{"line":25,"column":35}},"13":{"start":{"line":26,"column":6},"end":{"line":26,"column":25}},"14":{"start":{"line":28,"column":6},"end":{"line":32,"column":8}},"15":{"start":{"line":29,"column":8},"end":{"line":29,"column":43}},"16":{"start":{"line":30,"column":8},"end":{"line":30,"column":29}},"17":{"start":{"line":31,"column":8},"end":{"line":31,"column":38}},"18":{"start":{"line":34,"column":6},"end":{"line":41,"column":8}},"19":{"start":{"line":35,"column":8},"end":{"line":40,"column":9}},"20":{"start":{"line":36,"column":26},"end":{"line":36,"column":48}},"21":{"start":{"line":37,"column":10},"end":{"line":37,"column":40}},"22":{"start":{"line":39,"column":10},"end":{"line":39,"column":67}},"23":{"start":{"line":43,"column":6},"end":{"line":58,"column":8}},"24":{"start":{"line":44,"column":8},"end":{"line":44,"column":46}},"25":{"start":{"line":45,"column":8},"end":{"line":45,"column":30}},"26":{"start":{"line":46,"column":8},"end":{"line":46,"column":29}},"27":{"start":{"line":49,"column":8},"end":{"line":57,"column":9}},"28":{"start":{"line":50,"column":24},"end":{"line":50,"column":86}},"29":{"start":{"line":51,"column":10},"end":{"line":51,"column":95}},"30":{"start":{"line":53,"column":10},"end":{"line":56,"column":20}},"31":{"start":{"line":54,"column":12},"end":{"line":54,"column":43}},"32":{"start":{"line":55,"column":12},"end":{"line":55,"column":22}},"33":{"start":{"line":60,"column":6},"end":{"line":62,"column":8}},"34":{"start":{"line":61,"column":8},"end":{"line":61,"column":49}},"35":{"start":{"line":64,"column":6},"end":{"line":64,"column":67}},"36":{"start":{"line":68,"column":2},"end":{"line":81,"column":16}},"37":{"start":{"line":69,"column":4},"end":{"line":69,"column":14}},"38":{"start":{"line":72,"column":4},"end":{"line":80,"column":6}},"39":{"start":{"line":73,"column":6},"end":{"line":73,"column":41}},"40":{"start":{"line":74,"column":6},"end":{"line":76,"column":7}},"41":{"start":{"line":75,"column":8},"end":{"line":75,"column":50}},"42":{"start":{"line":77,"column":6},"end":{"line":79,"column":7}},"43":{"start":{"line":78,"column":8},"end":{"line":78,"column":30}},"44":{"start":{"line":83,"column":22},"end":{"line":93,"column":8}},"45":{"start":{"line":84,"column":4},"end":{"line":92,"column":5}},"46":{"start":{"line":85,"column":6},"end":{"line":89,"column":7}},"47":{"start":{"line":86,"column":8},"end":{"line":86,"column":52}},"48":{"start":{"line":88,"column":8},"end":{"line":88,"column":55}},"49":{"start":{"line":91,"column":6},"end":{"line":91,"column":71}},"50":{"start":{"line":95,"column":2},"end":{"line":95,"column":38}}},"fnMap":{"0":{"name":"(anonymous_0)","decl":{"start":{"line":9,"column":21},"end":{"line":9,"column":22}},"loc":{"start":{"line":9,"column":41},"end":{"line":96,"column":1}},"line":9},"1":{"name":"(anonymous_1)","decl":{"start":{"line":18,"column":12},"end":{"line":18,"column":13}},"loc":{"start":{"line":18,"column":18},"end":{"line":20,"column":3}},"line":18},"2":{"name":"(anonymous_2)","decl":{"start":{"line":22,"column":30},"end":{"line":22,"column":31}},"loc":{"start":{"line":22,"column":36},"end":{"line":66,"column":3}},"line":22},"3":{"name":"(anonymous_3)","decl":{"start":{"line":28,"column":18},"end":{"line":28,"column":19}},"loc":{"start":{"line":28,"column":24},"end":{"line":32,"column":7}},"line":28},"4":{"name":"(anonymous_4)","decl":{"start":{"line":34,"column":21},"end":{"line":34,"column":22}},"loc":{"start":{"line":34,"column":32},"end":{"line":41,"column":7}},"line":34},"5":{"name":"(anonymous_5)","decl":{"start":{"line":43,"column":19},"end":{"line":43,"column":20}},"loc":{"start":{"line":43,"column":25},"end":{"line":58,"column":7}},"line":43},"6":{"name":"(anonymous_6)","decl":{"start":{"line":53,"column":51},"end":{"line":53,"column":52}},"loc":{"start":{"line":53,"column":57},"end":{"line":56,"column":11}},"line":53},"7":{"name":"(anonymous_7)","decl":{"start":{"line":60,"column":19},"end":{"line":60,"column":20}},"loc":{"start":{"line":60,"column":30},"end":{"line":62,"column":7}},"line":60},"8":{"name":"(anonymous_8)","decl":{"start":{"line":68,"column":12},"end":{"line":68,"column":13}},"loc":{"start":{"line":68,"column":18},"end":{"line":81,"column":3}},"line":68},"9":{"name":"(anonymous_9)","decl":{"start":{"line":72,"column":11},"end":{"line":72,"column":12}},"loc":{"start":{"line":72,"column":17},"end":{"line":80,"column":5}},"line":72},"10":{"name":"(anonymous_10)","decl":{"start":{"line":83,"column":34},"end":{"line":83,"column":35}},"loc":{"start":{"line":83,"column":47},"end":{"line":93,"column":3}},"line":83}},"branchMap":{"0":{"loc":{"start":{"line":49,"column":8},"end":{"line":57,"column":9}},"type":"if","locations":[{"start":{"line":49,"column":8},"end":{"line":57,"column":9}},{"start":{},"end":{}}],"line":49},"1":{"loc":{"start":{"line":74,"column":6},"end":{"line":76,"column":7}},"type":"if","locations":[{"start":{"line":74,"column":6},"end":{"line":76,"column":7}},{"start":{},"end":{}}],"line":74},"2":{"loc":{"start":{"line":77,"column":6},"end":{"line":79,"column":7}},"type":"if","locations":[{"start":{"line":77,"column":6},"end":{"line":79,"column":7}},{"start":{},"end":{}}],"line":77},"3":{"loc":{"start":{"line":84,"column":4},"end":{"line":92,"column":5}},"type":"if","locations":[{"start":{"line":84,"column":4},"end":{"line":92,"column":5}},{"start":{"line":90,"column":11},"end":{"line":92,"column":5}}],"line":84},"4":{"loc":{"start":{"line":84,"column":8},"end":{"line":84,"column":68}},"type":"binary-expr","locations":[{"start":{"line":84,"column":8},"end":{"line":84,"column":21}},{"start":{"line":84,"column":25},"end":{"line":84,"column":68}}],"line":84}},"s":{"0":0,"1":0,"2":0,"3":0,"4":0,"5":0,"6":0,"7":0,"8":0,"9":0,"10":0,"11":0,"12":0,"13":0,"14":0,"15":0,"16":0,"17":0,"18":0,"19":0,"20":0,"21":0,"22":0,"23":0,"24":0,"25":0,"26":0,"27":0,"28":0,"29":0,"30":0,"31":0,"32":0,"33":0,"34":0,"35":0,"36":0,"37":0,"38":0,"39":0,"40":0,"41":0,"42":0,"43":0,"44":0,"45":0,"46":0,"47":0,"48":0,"49":0,"50":0},"f":{"0":0,"1":0,"2":0,"3":0,"4":0,"5":0,"6":0,"7":0,"8":0,"9":0,"10":0},"b":{"0":[0,0],"1":[0,0],"2":[0,0],"3":[0,0],"4":[0,0]}}
}
