TN:
SF:src/App.js
FN:12,App
FN:29,(anonymous_1)
FN:34,(anonymous_2)
FN:37,(anonymous_3)
FN:41,(anonymous_4)
FN:47,(anonymous_5)
FN:50,(anonymous_6)
FN:52,(anonymous_7)
FN:60,(anonymous_8)
FN:67,(anonymous_9)
FN:74,(anonymous_10)
FN:84,(anonymous_11)
FN:85,(anonymous_12)
FN:88,(anonymous_13)
FN:96,(anonymous_14)
FN:105,(anonymous_15)
FN:113,(anonymous_16)
FN:122,(anonymous_17)
FN:190,(anonymous_18)
FN:231,(anonymous_19)
FN:245,(anonymous_20)
FN:254,(anonymous_21)
FN:258,(anonymous_22)
FN:317,(anonymous_23)
FN:338,(anonymous_24)
FNF:25
FNH:0
FNDA:0,App
FNDA:0,(anonymous_1)
FNDA:0,(anonymous_2)
FNDA:0,(anonymous_3)
FNDA:0,(anonymous_4)
FNDA:0,(anonymous_5)
FNDA:0,(anonymous_6)
FNDA:0,(anonymous_7)
FNDA:0,(anonymous_8)
FNDA:0,(anonymous_9)
FNDA:0,(anonymous_10)
FNDA:0,(anonymous_11)
FNDA:0,(anonymous_12)
FNDA:0,(anonymous_13)
FNDA:0,(anonymous_14)
FNDA:0,(anonymous_15)
FNDA:0,(anonymous_16)
FNDA:0,(anonymous_17)
FNDA:0,(anonymous_18)
FNDA:0,(anonymous_19)
FNDA:0,(anonymous_20)
FNDA:0,(anonymous_21)
FNDA:0,(anonymous_22)
FNDA:0,(anonymous_23)
FNDA:0,(anonymous_24)
DA:10,0
DA:13,0
DA:14,0
DA:15,0
DA:16,0
DA:17,0
DA:18,0
DA:19,0
DA:20,0
DA:21,0
DA:22,0
DA:24,0
DA:25,0
DA:26,0
DA:29,0
DA:30,0
DA:34,0
DA:35,0
DA:36,0
DA:37,0
DA:41,0
DA:42,0
DA:43,0
DA:45,0
DA:47,0
DA:50,0
DA:51,0
DA:52,0
DA:53,0
DA:54,0
DA:55,0
DA:60,0
DA:61,0
DA:62,0
DA:63,0
DA:67,0
DA:68,0
DA:69,0
DA:70,0
DA:74,0
DA:75,0
DA:76,0
DA:77,0
DA:79,0
DA:80,0
DA:84,0
DA:85,0
DA:88,0
DA:89,0
DA:90,0
DA:91,0
DA:92,0
DA:93,0
DA:96,0
DA:97,0
DA:98,0
DA:99,0
DA:100,0
DA:101,0
DA:102,0
DA:105,0
DA:106,0
DA:107,0
DA:108,0
DA:109,0
DA:110,0
DA:113,0
DA:114,0
DA:115,0
DA:116,0
DA:117,0
DA:118,0
DA:119,0
DA:122,0
DA:123,0
DA:124,0
DA:125,0
DA:126,0
DA:128,0
DA:130,0
DA:131,0
DA:132,0
DA:134,0
DA:138,0
DA:139,0
DA:142,0
DA:143,0
DA:144,0
DA:145,0
DA:146,0
DA:147,0
DA:148,0
DA:149,0
DA:150,0
DA:154,0
DA:155,0
DA:156,0
DA:157,0
DA:158,0
DA:159,0
DA:160,0
DA:161,0
DA:165,0
DA:166,0
DA:167,0
DA:168,0
DA:169,0
DA:170,0
DA:173,0
DA:174,0
DA:175,0
DA:178,0
DA:179,0
DA:183,0
DA:185,0
DA:190,0
DA:194,0
DA:199,0
DA:200,0
DA:203,0
DA:204,0
DA:207,0
DA:208,0
DA:209,0
DA:211,0
DA:214,0
DA:216,0
DA:217,0
DA:220,0
DA:221,0
DA:222,0
DA:224,0
DA:227,0
DA:231,0
DA:232,0
DA:233,0
DA:238,0
DA:241,0
DA:242,0
DA:245,0
DA:246,0
DA:249,0
DA:250,0
DA:254,0
DA:255,0
DA:258,0
DA:259,0
DA:260,0
DA:263,0
DA:317,0
DA:339,0
LF:151
LH:0
BRDA:10,0,0,0
BRDA:10,0,1,0
BRDA:42,1,0,0
BRDA:42,1,1,0
BRDA:53,2,0,0
BRDA:53,2,1,0
BRDA:53,3,0,0
BRDA:53,3,1,0
BRDA:61,4,0,0
BRDA:61,4,1,0
BRDA:69,5,0,0
BRDA:69,5,1,0
BRDA:143,6,0,0
BRDA:143,6,1,0
BRDA:143,7,0,0
BRDA:143,7,1,0
BRDA:143,7,2,0
BRDA:154,8,0,0
BRDA:154,8,1,0
BRDA:154,9,0,0
BRDA:154,9,1,0
BRDA:165,10,0,0
BRDA:165,10,1,0
BRDA:173,11,0,0
BRDA:173,11,1,0
BRDA:173,12,0,0
BRDA:173,12,1,0
BRDA:207,13,0,0
BRDA:207,13,1,0
BRDA:207,14,0,0
BRDA:207,14,1,0
BRDA:217,15,0,0
BRDA:217,15,1,0
BRDA:220,16,0,0
BRDA:220,16,1,0
BRDA:276,17,0,0
BRDA:276,17,1,0
BRDA:282,18,0,0
BRDA:282,18,1,0
BRDA:293,19,0,0
BRDA:293,19,1,0
BRDA:305,20,0,0
BRDA:305,20,1,0
BRDA:305,20,2,0
BRDA:322,21,0,0
BRDA:322,21,1,0
BRF:46
BRH:0
end_of_record
TN:
SF:src/index.js
FNF:0
FNH:0
DA:5,0
DA:6,0
LF:2
LH:0
BRF:0
BRH:0
end_of_record
TN:
SF:src/components/AudioRecorder.js
FN:11,(anonymous_0)
FN:21,(anonymous_1)
FN:31,(anonymous_2)
FN:39,(anonymous_3)
FNF:4
FNH:4
FNDA:27,(anonymous_0)
FNDA:26,(anonymous_1)
FNDA:3,(anonymous_2)
FNDA:27,(anonymous_3)
DA:11,1
DA:18,27
DA:21,27
DA:22,26
DA:24,5
DA:25,1
DA:26,4
DA:27,1
DA:31,27
DA:32,3
DA:33,1
DA:35,2
DA:39,27
DA:40,27
DA:41,2
DA:43,25
DA:44,5
DA:46,20
DA:47,7
DA:49,13
DA:52,27
DA:54,27
LF:22
LH:22
BRDA:22,0,0,21
BRDA:22,0,1,5
BRDA:24,1,0,1
BRDA:24,1,1,4
BRDA:24,2,0,5
BRDA:24,2,1,3
BRDA:24,2,2,2
BRDA:26,3,0,1
BRDA:26,3,1,3
BRDA:26,4,0,4
BRDA:26,4,1,2
BRDA:32,5,0,1
BRDA:32,5,1,2
BRDA:40,6,0,2
BRDA:40,6,1,25
BRDA:43,7,0,5
BRDA:43,7,1,20
BRDA:46,8,0,7
BRDA:46,8,1,13
BRDA:52,9,0,27
BRDA:52,9,1,25
BRDA:56,10,0,7
BRDA:56,10,1,20
BRDA:61,11,0,5
BRDA:61,11,1,22
BRDA:64,12,0,27
BRDA:64,12,1,5
BRDA:71,13,0,27
BRDA:71,13,1,7
BRDA:79,14,0,7
BRDA:79,14,1,20
BRDA:82,15,0,7
BRDA:82,15,1,20
BRDA:84,16,0,7
BRDA:84,16,1,20
BRF:35
BRH:35
end_of_record
TN:
SF:src/components/ChatMessage.js
FN:3,ChatMessage
FN:6,(anonymous_1)
FNF:2
FNH:0
FNDA:0,ChatMessage
FNDA:0,(anonymous_1)
DA:4,0
DA:6,0
DA:7,0
DA:13,0
LF:4
LH:0
BRDA:17,0,0,0
BRDA:17,0,1,0
BRDA:17,1,0,0
BRDA:17,1,1,0
BRF:4
BRH:0
end_of_record
TN:
SF:src/components/ConversationIndicator.js
FN:4,ConversationIndicator
FN:5,(anonymous_1)
FNF:2
FNH:0
FNDA:0,ConversationIndicator
FNDA:0,(anonymous_1)
DA:5,0
DA:6,0
DA:8,0
DA:15,0
DA:22,0
DA:29,0
DA:36,0
DA:44,0
DA:53,0
DA:55,0
LF:10
LH:0
BRDA:6,0,0,0
BRDA:6,0,1,0
BRDA:6,0,2,0
BRDA:6,0,3,0
BRDA:6,0,4,0
BRDA:6,0,5,0
BRDA:6,0,6,0
BRDA:57,1,0,0
BRDA:57,1,1,0
BRDA:62,2,0,0
BRDA:62,2,1,0
BRDA:62,2,2,0
BRF:12
BRH:0
end_of_record
TN:
SF:src/components/ConversationSettings.js
FN:4,ConversationSettings
FN:5,(anonymous_1)
FN:28,(anonymous_2)
FN:32,(anonymous_3)
FN:51,(anonymous_4)
FN:75,(anonymous_5)
FN:93,(anonymous_6)
FN:103,(anonymous_7)
FN:113,getDefaultSettings
FNF:9
FNH:0
FNDA:0,ConversationSettings
FNDA:0,(anonymous_1)
FNDA:0,(anonymous_2)
FNDA:0,(anonymous_3)
FNDA:0,(anonymous_4)
FNDA:0,(anonymous_5)
FNDA:0,(anonymous_6)
FNDA:0,(anonymous_7)
FNDA:0,getDefaultSettings
DA:5,0
DA:6,0
DA:9,0
DA:29,0
DA:32,0
DA:51,0
DA:75,0
DA:93,0
DA:103,0
DA:114,0
LF:10
LH:0
BRDA:10,0,0,0
BRDA:10,0,1,0
BRDA:15,1,0,0
BRDA:15,1,1,0
BRDA:31,2,0,0
BRDA:31,2,1,0
BRDA:56,3,0,0
BRDA:56,3,1,0
BRDA:98,4,0,0
BRDA:98,4,1,0
BRF:10
BRH:0
end_of_record
TN:
SF:src/components/MessageList.js
FN:15,MessageList
FN:27,(anonymous_1)
FN:28,(anonymous_2)
FN:35,(anonymous_3)
FN:39,(anonymous_4)
FN:47,(anonymous_5)
FN:52,(anonymous_6)
FN:84,(anonymous_7)
FN:113,(anonymous_8)
FN:139,(anonymous_9)
FNF:10
FNH:0
FNDA:0,MessageList
FNDA:0,(anonymous_1)
FNDA:0,(anonymous_2)
FNDA:0,(anonymous_3)
FNDA:0,(anonymous_4)
FNDA:0,(anonymous_5)
FNDA:0,(anonymous_6)
FNDA:0,(anonymous_7)
FNDA:0,(anonymous_8)
FNDA:0,(anonymous_9)
DA:16,0
DA:17,0
DA:24,0
DA:27,0
DA:28,0
DA:29,0
DA:30,0
DA:34,0
DA:35,0
DA:39,0
DA:40,0
DA:47,0
DA:48,0
DA:52,0
DA:53,0
DA:54,0
DA:56,0
DA:84,0
DA:85,0
DA:89,0
DA:109,0
DA:113,0
DA:114,0
DA:115,0
DA:135,0
DA:139,0
DA:140,0
DA:141,0
DA:160,0
DA:163,0
LF:30
LH:0
BRDA:29,0,0,0
BRDA:29,0,1,0
BRDA:54,1,0,0
BRDA:54,1,1,0
BRDA:65,2,0,0
BRDA:65,2,1,0
BRDA:65,3,0,0
BRDA:65,3,1,0
BRDA:72,4,0,0
BRDA:72,4,1,0
BRDA:85,5,0,0
BRDA:85,5,1,0
BRDA:86,6,0,0
BRDA:86,6,1,0
BRDA:86,6,2,0
BRDA:114,7,0,0
BRDA:114,7,1,0
BRDA:114,8,0,0
BRDA:114,8,1,0
BRDA:140,9,0,0
BRDA:140,9,1,0
BRDA:153,10,0,0
BRDA:153,10,1,0
BRF:23
BRH:0
end_of_record
TN:
SF:src/components/ServiceStatus.js
FN:3,ServiceStatus
FNF:1
FNH:0
FNDA:0,ServiceStatus
DA:4,0
DA:5,0
DA:12,0
DA:16,0
LF:4
LH:0
BRDA:4,0,0,0
BRDA:4,0,1,0
BRDA:12,1,0,0
BRDA:12,1,1,0
BRDA:12,1,2,0
BRDA:19,2,0,0
BRDA:19,2,1,0
BRDA:27,3,0,0
BRDA:27,3,1,0
BRDA:30,4,0,0
BRDA:30,4,1,0
BRDA:33,5,0,0
BRDA:33,5,1,0
BRF:13
BRH:0
end_of_record
TN:
SF:src/components/VoiceRecorder.js
FN:3,VoiceRecorder
FN:25,(anonymous_1)
FN:26,(anonymous_2)
FN:31,(anonymous_3)
FN:37,(anonymous_4)
FN:48,(anonymous_5)
FN:55,(anonymous_6)
FN:80,(anonymous_7)
FN:86,(anonymous_8)
FN:100,(anonymous_9)
FN:101,(anonymous_10)
FN:105,(anonymous_11)
FN:118,(anonymous_12)
FN:128,(anonymous_13)
FN:138,(anonymous_14)
FN:173,(anonymous_15)
FN:197,(anonymous_16)
FN:219,(anonymous_17)
FNF:18
FNH:0
FNDA:0,VoiceRecorder
FNDA:0,(anonymous_1)
FNDA:0,(anonymous_2)
FNDA:0,(anonymous_3)
FNDA:0,(anonymous_4)
FNDA:0,(anonymous_5)
FNDA:0,(anonymous_6)
FNDA:0,(anonymous_7)
FNDA:0,(anonymous_8)
FNDA:0,(anonymous_9)
FNDA:0,(anonymous_10)
FNDA:0,(anonymous_11)
FNDA:0,(anonymous_12)
FNDA:0,(anonymous_13)
FNDA:0,(anonymous_14)
FNDA:0,(anonymous_15)
FNDA:0,(anonymous_16)
FNDA:0,(anonymous_17)
DA:12,0
DA:13,0
DA:14,0
DA:15,0
DA:16,0
DA:17,0
DA:18,0
DA:19,0
DA:20,0
DA:21,0
DA:22,0
DA:23,0
DA:25,0
DA:26,0
DA:27,0
DA:31,0
DA:32,0
DA:33,0
DA:37,0
DA:38,0
DA:39,0
DA:41,0
DA:42,0
DA:44,0
DA:45,0
DA:47,0
DA:48,0
DA:50,0
DA:51,0
DA:55,0
DA:56,0
DA:57,0
DA:66,0
DA:69,0
DA:70,0
DA:71,0
DA:72,0
DA:73,0
DA:74,0
DA:77,0
DA:78,0
DA:80,0
DA:81,0
DA:82,0
DA:86,0
DA:87,0
DA:88,0
DA:89,0
DA:92,0
DA:93,0
DA:94,0
DA:95,0
DA:96,0
DA:97,0
DA:100,0
DA:101,0
DA:105,0
DA:106,0
DA:110,0
DA:113,0
DA:114,0
DA:118,0
DA:120,0
DA:121,0
DA:122,0
DA:123,0
DA:125,0
DA:128,0
DA:129,0
DA:131,0
DA:132,0
DA:135,0
DA:136,0
DA:138,0
DA:139,0
DA:142,0
DA:145,0
DA:148,0
DA:151,0
DA:152,0
DA:156,0
DA:157,0
DA:159,0
DA:160,0
DA:161,0
DA:162,0
DA:163,0
DA:168,0
DA:169,0
DA:171,0
DA:172,0
DA:173,0
DA:174,0
DA:175,0
DA:178,0
DA:180,0
DA:181,0
DA:182,0
DA:188,0
DA:189,0
DA:190,0
DA:191,0
DA:197,0
DA:198,0
DA:199,0
DA:200,0
DA:201,0
DA:202,0
DA:204,0
DA:205,0
DA:207,0
DA:208,0
DA:210,0
DA:211,0
DA:213,0
DA:214,0
DA:219,0
DA:220,0
DA:221,0
DA:222,0
DA:225,0
LF:121
LH:0
BRDA:10,0,0,0
BRDA:32,1,0,0
BRDA:32,1,1,0
BRDA:32,2,0,0
BRDA:32,2,1,0
BRDA:32,2,2,0
BRDA:38,3,0,0
BRDA:38,3,1,0
BRDA:41,4,0,0
BRDA:41,4,1,0
BRDA:44,5,0,0
BRDA:44,5,1,0
BRDA:47,6,0,0
BRDA:47,6,1,0
BRDA:50,7,0,0
BRDA:50,7,1,0
BRDA:50,8,0,0
BRDA:50,8,1,0
BRDA:69,9,0,0
BRDA:69,9,1,0
BRDA:81,10,0,0
BRDA:81,10,1,0
BRDA:129,11,0,0
BRDA:129,11,1,0
BRDA:139,12,0,0
BRDA:139,12,1,0
BRDA:151,13,0,0
BRDA:151,13,1,0
BRDA:159,14,0,0
BRDA:159,14,1,0
BRDA:161,15,0,0
BRDA:161,15,1,0
BRDA:168,16,0,0
BRDA:168,16,1,0
BRDA:168,17,0,0
BRDA:168,17,1,0
BRDA:169,18,0,0
BRDA:169,18,1,0
BRDA:169,19,0,0
BRDA:169,19,1,0
BRDA:171,20,0,0
BRDA:171,20,1,0
BRDA:178,21,0,0
BRDA:178,21,1,0
BRDA:180,22,0,0
BRDA:180,22,1,0
BRDA:188,23,0,0
BRDA:188,23,1,0
BRDA:188,24,0,0
BRDA:188,24,1,0
BRDA:190,25,0,0
BRDA:190,25,1,0
BRDA:198,26,0,0
BRDA:198,26,1,0
BRDA:198,27,0,0
BRDA:198,27,1,0
BRDA:204,28,0,0
BRDA:204,28,1,0
BRDA:207,29,0,0
BRDA:207,29,1,0
BRDA:210,30,0,0
BRDA:210,30,1,0
BRDA:213,31,0,0
BRDA:213,31,1,0
BRDA:227,32,0,0
BRDA:227,32,1,0
BRDA:230,33,0,0
BRDA:230,33,1,0
BRDA:231,34,0,0
BRDA:231,34,1,0
BRDA:235,35,0,0
BRDA:235,35,1,0
BRDA:242,36,0,0
BRDA:242,36,1,0
BRDA:243,37,0,0
BRDA:243,37,1,0
BRDA:246,38,0,0
BRDA:246,38,1,0
BRF:78
BRH:0
end_of_record
TN:
SF:src/context/ConversationContext.js
FN:8,(anonymous_0)
FN:12,(anonymous_1)
FN:27,(anonymous_2)
FNF:3
FNH:0
FNDA:0,(anonymous_0)
FNDA:0,(anonymous_1)
FNDA:0,(anonymous_2)
DA:5,0
DA:8,0
DA:9,0
DA:11,0
DA:12,0
DA:19,0
DA:27,0
DA:28,0
DA:30,0
DA:31,0
DA:34,0
LF:11
LH:0
BRDA:30,0,0,0
BRDA:30,0,1,0
BRF:2
BRH:0
end_of_record
TN:
SF:src/context/conversationReducer.js
FN:45,(anonymous_0)
FN:138,(anonymous_1)
FN:148,(anonymous_2)
FN:158,(anonymous_3)
FN:163,(anonymous_4)
FN:168,(anonymous_5)
FN:173,(anonymous_6)
FN:178,(anonymous_7)
FN:183,(anonymous_8)
FN:187,(anonymous_9)
FN:192,(anonymous_10)
FN:196,(anonymous_11)
FN:201,(anonymous_12)
FN:206,(anonymous_13)
FNF:14
FNH:0
FNDA:0,(anonymous_0)
FNDA:0,(anonymous_1)
FNDA:0,(anonymous_2)
FNDA:0,(anonymous_3)
FNDA:0,(anonymous_4)
FNDA:0,(anonymous_5)
FNDA:0,(anonymous_6)
FNDA:0,(anonymous_7)
FNDA:0,(anonymous_8)
FNDA:0,(anonymous_9)
FNDA:0,(anonymous_10)
FNDA:0,(anonymous_11)
FNDA:0,(anonymous_12)
FNDA:0,(anonymous_13)
DA:15,0
DA:28,0
DA:45,0
DA:46,0
DA:48,0
DA:54,0
DA:60,0
DA:66,0
DA:72,0
DA:78,0
DA:84,0
DA:90,0
DA:97,0
DA:103,0
DA:109,0
DA:115,0
DA:123,0
DA:129,0
DA:134,0
DA:137,0
DA:139,0
DA:140,0
DA:142,0
DA:149,0
DA:150,0
DA:152,0
DA:158,0
DA:163,0
DA:168,0
DA:173,0
DA:178,0
DA:183,0
DA:187,0
DA:192,0
DA:196,0
DA:201,0
DA:206,0
LF:37
LH:0
BRDA:46,0,0,0
BRDA:46,0,1,0
BRDA:46,0,2,0
BRDA:46,0,3,0
BRDA:46,0,4,0
BRDA:46,0,5,0
BRDA:46,0,6,0
BRDA:46,0,7,0
BRDA:46,0,8,0
BRDA:46,0,9,0
BRDA:46,0,10,0
BRDA:46,0,11,0
BRDA:46,0,12,0
BRDA:46,0,13,0
BRDA:117,1,0,0
BRDA:117,1,1,0
BRDA:139,2,0,0
BRDA:139,2,1,0
BRDA:149,3,0,0
BRDA:149,3,1,0
BRDA:149,4,0,0
BRDA:149,4,1,0
BRDA:149,4,2,0
BRF:23
BRH:0
end_of_record
TN:
SF:src/hooks/useAudioRecorder.js
FN:8,(anonymous_0)
FN:18,(anonymous_1)
FN:23,(anonymous_2)
FN:24,(anonymous_3)
FN:55,(anonymous_4)
FN:60,(anonymous_5)
FN:66,(anonymous_6)
FN:67,(anonymous_7)
FN:69,(anonymous_8)
FN:76,(anonymous_9)
FN:98,(anonymous_10)
FN:110,(anonymous_11)
FN:115,(anonymous_12)
FN:120,(anonymous_13)
FN:133,(anonymous_14)
FNF:15
FNH:14
FNDA:49,(anonymous_0)
FNDA:19,(anonymous_1)
FNDA:19,(anonymous_2)
FNDA:19,(anonymous_3)
FNDA:19,(anonymous_4)
FNDA:14,(anonymous_5)
FNDA:6,(anonymous_6)
FNDA:6,(anonymous_7)
FNDA:4,(anonymous_8)
FNDA:12,(anonymous_9)
FNDA:6,(anonymous_10)
FNDA:11,(anonymous_11)
FNDA:11,(anonymous_12)
FNDA:0,(anonymous_13)
FNDA:2,(anonymous_14)
DA:8,2
DA:9,49
DA:10,49
DA:11,49
DA:13,49
DA:14,49
DA:15,49
DA:18,49
DA:19,19
DA:23,49
DA:24,19
DA:26,19
DA:27,1
DA:28,1
DA:29,1
DA:32,18
DA:33,18
DA:34,14
DA:35,14
DA:36,14
DA:38,4
DA:39,4
DA:42,4
DA:43,1
DA:44,3
DA:45,1
DA:47,2
DA:52,19
DA:55,19
DA:56,19
DA:57,9
DA:59,19
DA:60,14
DA:66,49
DA:67,6
DA:68,6
DA:69,6
DA:70,6
DA:71,6
DA:76,49
DA:77,12
DA:78,1
DA:79,1
DA:82,11
DA:84,11
DA:85,11
DA:86,1
DA:87,1
DA:88,0
DA:89,0
DA:93,11
DA:94,11
DA:95,11
DA:98,11
DA:99,6
DA:100,6
DA:101,6
DA:102,4
DA:104,2
DA:110,11
DA:111,11
DA:115,11
DA:116,11
DA:120,11
DA:121,0
DA:122,0
DA:126,11
DA:128,0
DA:133,49
DA:134,2
DA:135,2
DA:139,49
LF:72
LH:67
BRDA:26,0,0,1
BRDA:26,0,1,18
BRDA:42,1,0,1
BRDA:42,1,1,3
BRDA:44,2,0,1
BRDA:44,2,1,2
BRDA:47,3,0,2
BRDA:47,3,1,0
BRDA:56,4,0,9
BRDA:56,4,1,10
BRDA:56,5,0,19
BRDA:56,5,1,11
BRDA:59,6,0,14
BRDA:59,6,1,5
BRDA:77,7,0,1
BRDA:77,7,1,11
BRDA:77,8,0,12
BRDA:77,8,1,11
BRDA:85,9,0,1
BRDA:85,9,1,10
BRDA:87,10,0,0
BRDA:87,10,1,1
BRDA:93,11,0,11
BRDA:93,11,1,0
BRDA:99,12,0,6
BRDA:99,12,1,0
BRDA:99,13,0,6
BRDA:99,13,1,6
BRDA:134,14,0,2
BRDA:134,14,1,0
BRDA:134,15,0,2
BRDA:134,15,1,2
BRF:32
BRH:27
end_of_record
TN:
SF:src/hooks/useWebSocket.js
FN:9,(anonymous_0)
FN:18,(anonymous_1)
FN:22,(anonymous_2)
FN:28,(anonymous_3)
FN:34,(anonymous_4)
FN:43,(anonymous_5)
FN:53,(anonymous_6)
FN:60,(anonymous_7)
FN:68,(anonymous_8)
FN:72,(anonymous_9)
FN:83,(anonymous_10)
FNF:11
FNH:0
FNDA:0,(anonymous_0)
FNDA:0,(anonymous_1)
FNDA:0,(anonymous_2)
FNDA:0,(anonymous_3)
FNDA:0,(anonymous_4)
FNDA:0,(anonymous_5)
FNDA:0,(anonymous_6)
FNDA:0,(anonymous_7)
FNDA:0,(anonymous_8)
FNDA:0,(anonymous_9)
FNDA:0,(anonymous_10)
DA:9,0
DA:10,0
DA:11,0
DA:12,0
DA:13,0
DA:14,0
DA:15,0
DA:18,0
DA:19,0
DA:22,0
DA:23,0
DA:24,0
DA:25,0
DA:26,0
DA:28,0
DA:29,0
DA:30,0
DA:31,0
DA:34,0
DA:35,0
DA:36,0
DA:37,0
DA:39,0
DA:43,0
DA:44,0
DA:45,0
DA:46,0
DA:49,0
DA:50,0
DA:51,0
DA:53,0
DA:54,0
DA:55,0
DA:60,0
DA:61,0
DA:64,0
DA:68,0
DA:69,0
DA:72,0
DA:73,0
DA:74,0
DA:75,0
DA:77,0
DA:78,0
DA:83,0
DA:84,0
DA:85,0
DA:86,0
DA:88,0
DA:91,0
DA:95,0
LF:51
LH:0
BRDA:49,0,0,0
BRDA:49,0,1,0
BRDA:74,1,0,0
BRDA:74,1,1,0
BRDA:77,2,0,0
BRDA:77,2,1,0
BRDA:84,3,0,0
BRDA:84,3,1,0
BRDA:84,4,0,0
BRDA:84,4,1,0
BRF:10
BRH:0
end_of_record
